Log file open, 09/06/16 21:51:05
LogInit:Display: Running engine for game: SpaceSim
LogPlatformFile: Not using cached read wrapper
LogInit:Display: RandInit(-1650898569) SRandInit(-1650898568).
LogTaskGraph: Started task graph with 4 named threads and 5 total threads with 1 sets of task threads.
LogStats: Stats thread started at 0.072419
LogInit: Version: 4.12.5-3039270+++UE4+Release-4.12
LogInit: API Version: 2992821
LogInit: Net Version: 3039270
LogDevObjectVersion: Number of dev versions registered: 13
LogDevObjectVersion:   Dev-Blueprints (B0D832E4-1F89-4F0D-ACCF-7EB736FD4AA2): 3
LogDevObjectVersion:   Dev-Build (E1C64328-A22C-4D53-A36C-8E866417BD8C): 0
LogDevObjectVersion:   Dev-Core (375EC13C-06E4-48FB-B500-84F0262A717E): 1
LogDevObjectVersion:   Dev-Editor (E4B068ED-F494-42E9-A231-DA0B2E46BB41): 2
LogDevObjectVersion:   Dev-Framework (CFFC743F-43B0-4480-9391-14DF171D2073): 6
LogDevObjectVersion:   Dev-Mobile (B02B49B5-BB20-44E9-A304-32B752E40360): 0
LogDevObjectVersion:   Dev-Networking (A4E4105C-59A1-49B5-A7C5-40C4547EDFEE): 0
LogDevObjectVersion:   Dev-Online (39C831C9-5AE6-47DC-9A44-9C173E1C8E7C): 0
LogDevObjectVersion:   Dev-Physics (78F01B33-EBEA-4F98-B9B4-84EACCB95AA2): 0
LogDevObjectVersion:   Dev-Platform (6631380F-2D4D-43E0-8009-CF276956A95A): 0
LogDevObjectVersion:   Dev-Rendering (12F88B9F-8875-4AFC-A67C-D90C383ABD29): 2
LogDevObjectVersion:   Dev-Sequencer (7B5AE74C-D270-4C10-A958-57980B212A5A): 0
LogDevObjectVersion:   Dev-VR (D7296918-1DD6-4BDD-9DE2-64A83CC13884): 0
LogInit: Compiled (64-bit): Jul  6 2016 09:09:46
LogInit: Compiled with Visual C++: 19.00.23026.00
LogInit: Build Configuration: Development
LogInit: Branch Name: ++UE4+Release-4.12
LogInit: Command line: -EpicPortal 
LogInit: Base directory: C:/Program Files (x86)/Epic Games/4.12/Engine/Binaries/Win64/
LogInit: Installed Engine Build: 1
LogInit: Using libcurl 7.41.0
LogInit:  - built for x86_64-pc-win32
LogInit:  - supports SSL with WinSSL
LogInit:  - other features:
LogInit:      CURL_VERSION_SSL
LogInit:      CURL_VERSION_IPV6
LogInit:      CURL_VERSION_ASYNCHDNS
LogInit:      CURL_VERSION_LARGEFILE
LogInit:      CURL_VERSION_IDN
LogInit:  CurlRequestOptions (configurable via config and command line):
LogInit:  - bVerifyPeer = true  - Libcurl will verify peer certificate
LogInit:  - bUseHttpProxy = false  - Libcurl will NOT use HTTP proxy
LogInit:  - bDontReuseConnections = false  - Libcurl will reuse connections
LogInit:  - CertBundlePath = nullptr  - Libcurl will use whatever was configured at build time.
LogInit: Presizing for max 8388607 objects, including 0 objects not considered by GC, pre-allocating 0 bytes for permanent pool.
LogInit: Object subsystem initialized
[2016.09.07-01.51.05:305][  0]LogInit: Selected Device Profile: [Windows]
[2016.09.07-01.51.05:305][  0]LogInit: Applying CVar settings loaded from the selected device profile: [Windows]
[2016.09.07-01.51.05:319][  0]LogInit: Computer: LAPTOP-KK9APANJ
[2016.09.07-01.51.05:319][  0]LogInit: User: Kuba
[2016.09.07-01.51.05:319][  0]LogInit: CPU Page size=65536, Cores=2
[2016.09.07-01.51.05:319][  0]LogInit: High frequency timer resolution =2.143476 MHz
[2016.09.07-01.51.05:319][  0]LogMemory: Memory total: Physical=7.9GB (8GB approx)
[2016.09.07-01.51.05:319][  0]LogMemory: Platform Memory Stats for Windows
[2016.09.07-01.51.05:319][  0]LogMemory: Process Physical Memory: 190.78 MB used, 190.78 MB peak
[2016.09.07-01.51.05:319][  0]LogMemory: Process Virtual Memory: 194.79 MB used, 194.79 MB peak
[2016.09.07-01.51.05:319][  0]LogMemory: Physical Memory: 3882.31 MB used, 8106.45 MB total
[2016.09.07-01.51.05:319][  0]LogMemory: Virtual Memory: 552.46 MB used, 134217728.00 MB total
[2016.09.07-01.51.05:363][  0]LogTextLocalizationManager: No specific translations for ('en-US') exist, so ('en') translations will be used.
[2016.09.07-01.51.05:926][  0]LogD3D11RHI: D3D11 adapters:
[2016.09.07-01.51.05:961][  0]LogD3D11RHI:    0. 'NVIDIA GeForce 940M            ' (Feature Level 11_0)
[2016.09.07-01.51.05:961][  0]LogD3D11RHI:       4037/0/4053 MB DedicatedVideo/DedicatedSystem/SharedSystem, Outputs:1, VendorId:0x10de
[2016.09.07-01.51.05:973][  0]LogD3D11RHI:    1. 'Intel(R) HD Graphics 5500' (Feature Level 11_0)
[2016.09.07-01.51.05:973][  0]LogD3D11RHI:       128/0/4053 MB DedicatedVideo/DedicatedSystem/SharedSystem, Outputs:0, VendorId:0x8086
[2016.09.07-01.51.05:976][  0]LogD3D11RHI:    2. 'Microsoft Basic Render Driver' (Feature Level 11_0)
[2016.09.07-01.51.05:976][  0]LogD3D11RHI:       0/0/4053 MB DedicatedVideo/DedicatedSystem/SharedSystem, Outputs:0, VendorId:0x1414
[2016.09.07-01.51.05:976][  0]LogD3D11RHI: Chosen D3D11 Adapter: 0
[2016.09.07-01.51.05:981][  0]LogD3D11RHI: Creating new Direct3DDevice
[2016.09.07-01.51.05:981][  0]LogD3D11RHI:     GPU DeviceId: 0x1347 (for the marketing name, search the web for "GPU Device Id")
[2016.09.07-01.51.05:981][  0]LogWindows: EnumDisplayDevices:
[2016.09.07-01.51.05:981][  0]LogWindows:    0. 'Intel(R) HD Graphics 5500' (P:1 D:1)
[2016.09.07-01.51.05:981][  0]LogWindows:    1. 'Intel(R) HD Graphics 5500' (P:0 D:0)
[2016.09.07-01.51.05:982][  0]LogWindows:    2. 'Intel(R) HD Graphics 5500' (P:0 D:0)
[2016.09.07-01.51.05:982][  0]LogWindows: DebugString: PrimaryIsNotTheChoosenAdapter PrimaryIsNotTheChoosenAdapter PrimaryIsNotTheChoosenAdapter FoundDriverCount:0 
[2016.09.07-01.51.05:982][  0]LogD3D11RHI:     Adapter Name: NVIDIA GeForce 940M            
[2016.09.07-01.51.05:982][  0]LogD3D11RHI:   Driver Version: Unknown (internal:Unknown, unified:Unknown)
[2016.09.07-01.51.05:982][  0]LogD3D11RHI:      Driver Date: Unknown
[2016.09.07-01.51.05:982][  0]LogRHI: Texture pool is 1361 MB (70% of 1945 MB)
[2016.09.07-01.51.06:006][  0]LogD3D11RHI: Async texture creation enabled
[2016.09.07-01.51.06:025][  0]LogD3D11RHI: GPU Timing Frequency: 1000.000000 (Debug: 2 2)
[2016.09.07-01.51.06:025][  0]LogShaderCompilers: Guid format shader working directory is -32 characters bigger than the processId version (../../../../../../Users/Kuba/Desktop/Schoolwork/Unreal Work/SpaceSim/SpaceSim/Intermediate/Shaders/WorkingDirectory/8144/).
[2016.09.07-01.51.06:025][  0]LogShaderCompilers: Cleaned the shader compiler working directory 'C:/Users/Kuba/AppData/Local/Temp/UnrealShaderWorkingDir/97530672494984506619A6B99178E941/'.
[2016.09.07-01.51.06:025][  0]LogShaderCompilers:Display: Using Local Shader Compiler.
[2016.09.07-01.51.07:377][  0]LogTemp:Display: Loaded TP AllDesktopTargetPlatform
[2016.09.07-01.51.07:389][  0]LogTemp:Display: Loaded TP WindowsClientTargetPlatform
[2016.09.07-01.51.07:402][  0]LogTemp:Display: Loaded TP WindowsNoEditorTargetPlatform
[2016.09.07-01.51.07:413][  0]LogTemp:Display: Loaded TP WindowsServerTargetPlatform
[2016.09.07-01.51.07:427][  0]LogTemp:Display: Loaded TP WindowsTargetPlatform
[2016.09.07-01.51.07:437][  0]LogTemp:Display: Loaded TP AndroidTargetPlatform
[2016.09.07-01.51.07:447][  0]LogTemp:Display: Loaded TP Android_ASTCTargetPlatform
[2016.09.07-01.51.07:458][  0]LogTemp:Display: Loaded TP Android_ATCTargetPlatform
[2016.09.07-01.51.07:468][  0]LogTemp:Display: Loaded TP Android_DXTTargetPlatform
[2016.09.07-01.51.07:477][  0]LogTemp:Display: Loaded TP Android_ETC1TargetPlatform
[2016.09.07-01.51.07:488][  0]LogTemp:Display: Loaded TP Android_ETC2TargetPlatform
[2016.09.07-01.51.07:508][  0]LogTemp:Display: Loaded TP Android_MultiTargetPlatform
[2016.09.07-01.51.07:508][  0]LogTemp:Display: Loaded TP Android_PVRTCTargetPlatform
[2016.09.07-01.51.07:510][  0]LogTemp:Display: Loaded TP HTML5TargetPlatform
[2016.09.07-01.51.07:538][  0]LogTemp:Display: Loaded TP IOSTargetPlatform
[2016.09.07-01.51.07:547][  0]LogTemp:Display: Loaded TP TVOSTargetPlatform
[2016.09.07-01.51.07:560][  0]LogTemp:Display: Loaded TP LinuxNoEditorTargetPlatform
[2016.09.07-01.51.07:570][  0]LogTemp:Display: Loaded TP LinuxServerTargetPlatform
[2016.09.07-01.51.07:579][  0]LogTemp:Display: Loaded TP LinuxTargetPlatform
[2016.09.07-01.51.07:579][  0]LogTargetPlatformManager:Display: Building Assets For Windows
[2016.09.07-01.51.07:699][  0]LogDerivedDataCache:Display: Max Cache Size: 512 MB
[2016.09.07-01.51.07:781][  0]LogDerivedDataCache: Loaded boot cache 0.08s 48MB C:/Users/Kuba/AppData/Local/UnrealEngine/4.12/DerivedDataCache/Boot.ddc.
[2016.09.07-01.51.07:782][  0]LogDerivedDataCache:Display: Loaded Boot cache: C:/Users/Kuba/AppData/Local/UnrealEngine/4.12/DerivedDataCache/Boot.ddc
[2016.09.07-01.51.07:783][  0]LogDerivedDataCache: FDerivedDataBackendGraph:  Pak pak cache file ../../../../../../Users/Kuba/Desktop/Schoolwork/Unreal Work/SpaceSim/SpaceSim/DerivedDataCache/DDC.ddp not found, will not use a pak cache.
[2016.09.07-01.51.07:783][  0]LogDerivedDataCache: Unable to find inner node Pak for hierarchical cache Hierarchy.
[2016.09.07-01.51.07:784][  0]LogDerivedDataCache: FDerivedDataBackendGraph:  CompressedPak pak cache file ../../../../../../Users/Kuba/Desktop/Schoolwork/Unreal Work/SpaceSim/SpaceSim/DerivedDataCache/Compressed.ddp not found, will not use a pak cache.
[2016.09.07-01.51.07:784][  0]LogDerivedDataCache: Unable to find inner node CompressedPak for hierarchical cache Hierarchy.
[2016.09.07-01.51.07:806][  0]LogDerivedDataCache:Display: Pak cache opened for reading ../../../Engine/DerivedDataCache/Compressed.ddp.
[2016.09.07-01.51.07:820][  0]LogDerivedDataCache: Using Local data cache path C:/Users/Kuba/AppData/Local/UnrealEngine/Common/DerivedDataCache: Writable
[2016.09.07-01.51.08:066][  0]LogInit: Selected Device Profile: [Windows]
[2016.09.07-01.51.08:067][  0]LogContentStreaming: Texture pool size is 0.00 MB
[2016.09.07-01.51.08:286][  0]LogMeshUtilities: No automatic mesh reduction module available
[2016.09.07-01.51.08:286][  0]LogMeshUtilities: No automatic mesh merging module available
[2016.09.07-01.51.08:286][  0]LogMeshUtilities: No distributed automatic mesh merging module available
[2016.09.07-01.51.08:642][  0]LogAssetRegistry: FAssetRegistry took 0.0221 seconds to start up
[2016.09.07-01.51.08:694][  0]LogPackageLocalizationCache: Processed 3 localized package path(s) for 2 prioritized culture(s) in 0.045259 seconds
[2016.09.07-01.51.08:703][  0]LogUObjectArray: 28739 objects as part of root set at end of initial load.
[2016.09.07-01.51.08:703][  0]LogUObjectAllocator: 5855624 out of 0 bytes used by permanent object pool.
[2016.09.07-01.51.08:703][  0]LogUObjectArray: CloseDisregardForGC: 0/0 objects in disregard for GC pool
[2016.09.07-01.51.08:718][  0]LogInit: WinSock: version 1.1 (2.2), MaxSocks=32767, MaxUdp=65467
[2016.09.07-01.51.08:978][  0]LogSlate: SlateFontCache - WITH_FREETYPE: 1, WITH_HARFBUZZ: 1
[2016.09.07-01.51.08:978][  0]LogSlate: SlateFontCache - WITH_FREETYPE: 1, WITH_HARFBUZZ: 1
[2016.09.07-01.51.10:136][  0]LogUdpMessaging: Initializing bridge on interface 0.0.0.0:0 to multicast group 230.0.0.1:6666.
[2016.09.07-01.51.10:463][  0]SourceControl: Info Source control is disabled
[2016.09.07-01.51.10:524][  0]SourceControl: Info Source control is disabled
[2016.09.07-01.51.10:542][  0]SourceControl: Info Source control is disabled
[2016.09.07-01.51.10:562][  0]SourceControl: Info Source control is disabled
[2016.09.07-01.51.10:947][  0]LogEngine: Initializing Engine...
[2016.09.07-01.51.10:950][  0]LogHMD: SteamVR failed to initialize.  Err: 110
[2016.09.07-01.51.10:952][  0]LogHMD: SteamVR failed to initialize.  Err: 110
[2016.09.07-01.51.11:185][  0]LogAIModule: Creating AISystem for world NewWorld
[2016.09.07-01.51.11:190][  0]LogInit: XAudio2 using 'Speakers (Realtek High Definition Audio)' : 2 channels at 48 kHz using 32 bits per sample (channel mask 0x3)
[2016.09.07-01.51.11:391][  0]LogInit: FAudioDevice initialized.
[2016.09.07-01.51.11:453][  0]LogDerivedDataCache: Saved boot cache 0.06s 48MB C:/Users/Kuba/AppData/Local/UnrealEngine/4.12/DerivedDataCache/Boot.ddc.
[2016.09.07-01.51.11:463][  0]LogInit: Texture streaming: Enabled
[2016.09.07-01.51.11:503][  0]LogInit: Transaction tracking system initialized
[2016.09.07-01.51.11:547][  0]BlueprintLog: New page: Editor Load
[2016.09.07-01.51.11:712][  0]LocalizationService: Info Localization service is disabled
[2016.09.07-01.51.11:866][  0]LogConsoleResponse:Display: 
[2016.09.07-01.51.12:065][  0]LogCook:Display: Max memory allowance for cook 8192mb
[2016.09.07-01.51.12:065][  0]LogCook:Display: Mobile HDR setting 1
[2016.09.07-01.51.12:264][  0]LogFileCache: Scanning file cache for directory 'C:/Users/Kuba/Desktop/Schoolwork/Unreal Work/SpaceSim/SpaceSim/Content/' took 0.01s
[2016.09.07-01.51.12:264][  0]SourceControl: Info Source control is disabled
[2016.09.07-01.51.12:265][  0]Cmd: MAP LOAD FILE="../../../Engine/Content/Maps/Templates/Template_Default.umap" TEMPLATE=1 SHOWPROGRESS=1 FEATURELEVEL=3
[2016.09.07-01.51.12:266][  0]LightingResults: New page: Lighting Build
[2016.09.07-01.51.12:272][  0]MapCheck: New page: Map Check
[2016.09.07-01.51.12:272][  0]LightingResults: New page: Lighting Build
[2016.09.07-01.51.12:638][  0]LogAIModule: Creating AISystem for world Untitled_1
[2016.09.07-01.51.12:647][  0]LogEditorServer: Finished looking for orphan Actors (0.000 secs)
[2016.09.07-01.51.12:654][  0]Cmd: MAP CHECKDEP NOCLEARLOG
[2016.09.07-01.51.12:741][  0]MapCheck: Info Map check complete: 0 Error(s), 0 Warning(s), took 86.264ms to complete.
[2016.09.07-01.51.12:741][  0]LogFileHelpers: Loading map 'Template_Default' took 0.476
[2016.09.07-01.51.12:896][  0]LogCollectionManager: Loaded 0 collections in 0.002888 seconds
[2016.09.07-01.51.12:944][  0]LogFileCache: Scanning file cache for directory 'C:/Users/Kuba/Desktop/Schoolwork/Unreal Work/SpaceSim/SpaceSim/Saved/Collections/' took 0.01s
[2016.09.07-01.51.12:944][  0]LogFileCache: Scanning file cache for directory 'C:/Users/Kuba/Desktop/Schoolwork/Unreal Work/SpaceSim/SpaceSim/Content/Developers/Kuba/Collections/' took 0.01s
[2016.09.07-01.51.12:944][  0]LogFileCache: Scanning file cache for directory 'C:/Users/Kuba/Desktop/Schoolwork/Unreal Work/SpaceSim/SpaceSim/Content/Collections/' took 0.01s
[2016.09.07-01.51.12:944][  0]LogCollectionManager: Rebuilt the GUID cache for 0 collections in 0.000003 seconds
[2016.09.07-01.51.12:960][  0]LogContentBrowser: Native class hierarchy populated in 0.0160 seconds. Added 2047 classes and 369 folders.
[2016.09.07-01.51.12:967][  0]LogStats: UGameplayTagsManager::ConstructGameplayTagTree: Construct from data asset -  0.000 s
[2016.09.07-01.51.12:967][  0]LogStats: UGameplayTagsManager::ConstructGameplayTagTree: GameplayTagTreeChangedEvent.Broadcast -  0.000 s
[2016.09.07-01.51.12:968][  0]LogContentBrowser: Native class hierarchy updated for 'GameplayTags' in 0.0007 seconds. Added 12 classes and 0 folders.
[2016.09.07-01.51.12:975][  0]LogContentBrowser: Native class hierarchy updated for 'WidgetCarousel' in 0.0005 seconds. Added 0 classes and 0 folders.
[2016.09.07-01.51.13:067][  0]LogContentBrowser: Native class hierarchy updated for 'AddContentDialog' in 0.0021 seconds. Added 0 classes and 0 folders.
[2016.09.07-01.51.13:074][  0]LogContentBrowser: Native class hierarchy updated for 'SceneOutliner' in 0.0009 seconds. Added 1 classes and 2 folders.
[2016.09.07-01.51.13:096][  0]LogCrashTracker: Crashtracker disabled due to settings.
[2016.09.07-01.51.13:179][  0]LogContentBrowser: Native class hierarchy updated for 'HierarchicalLODOutliner' in 0.0019 seconds. Added 1 classes and 2 folders.
[2016.09.07-01.51.13:179][  0]LogLoad: Full Startup: 8.99 seconds (BP compile: 0.05 seconds)
[2016.09.07-01.51.13:180][  0]LogExternalProfiler: No external profilers were discovered.  External profiling features will not be available.
[2016.09.07-01.51.13:197][  0]LogOcInput: OculusInput pre-init called
[2016.09.07-01.51.13:244][  0]LogContentStreaming: Texture pool size now 1000 MB
[2016.09.07-01.51.13:508][  0]LogRenderer: Reallocating scene render targets to support 1208x568 (Frame:2).
[2016.09.07-01.51.13:675][  2]LogAssetRegistry: Asset discovery search completed in 5.0545 seconds
[2016.09.07-01.51.13:675][  2]LogCollectionManager: Rebuilt the object cache for 0 collections in 0.000001 seconds (found 0 objects)
[2016.09.07-01.51.13:675][  2]LogCollectionManager: Fixed up redirectors for 0 collections in 0.000040 seconds (updated 0 objects)
[2016.09.07-01.52.24:684][672]LogLinker:Warning: Can't find file '/Game/StarterContent/Textures/T_Brick_Clay_New_D'
[2016.09.07-01.52.24:684][672]LogLinker:Warning: Can't find file for asset '/Game/StarterContent/Textures/T_Brick_Clay_New_D' while loading ../../../../../../Users/Kuba/Desktop/Schoolwork/Unreal Work/SpaceSim/SpaceSim/Content/Materials/M_Brick_Clay_New.uasset.
[2016.09.07-01.52.24:684][672]LoadErrors:Error: Error /Game/Materials/M_Brick_Clay_New : Can't find file for asset. /Game/StarterContent/Textures/T_Brick_Clay_New_D
[2016.09.07-01.52.24:684][672]LogLinker:Warning: Can't find file '/Game/StarterContent/Textures/T_Brick_Clay_New_M'
[2016.09.07-01.52.24:684][672]LogLinker:Warning: Can't find file for asset '/Game/StarterContent/Textures/T_Brick_Clay_New_M' while loading ../../../../../../Users/Kuba/Desktop/Schoolwork/Unreal Work/SpaceSim/SpaceSim/Content/Materials/M_Brick_Clay_New.uasset.
[2016.09.07-01.52.24:684][672]LoadErrors:Error: Error /Game/Materials/M_Brick_Clay_New : Can't find file for asset. /Game/StarterContent/Textures/T_Brick_Clay_New_M
[2016.09.07-01.52.24:685][672]LogLinker:Warning: Can't find file '/Game/StarterContent/Textures/T_Brick_Clay_New_N'
[2016.09.07-01.52.24:685][672]LogLinker:Warning: Can't find file for asset '/Game/StarterContent/Textures/T_Brick_Clay_New_N' while loading ../../../../../../Users/Kuba/Desktop/Schoolwork/Unreal Work/SpaceSim/SpaceSim/Content/Materials/M_Brick_Clay_New.uasset.
[2016.09.07-01.52.24:685][672]LoadErrors:Error: Error /Game/Materials/M_Brick_Clay_New : Can't find file for asset. /Game/StarterContent/Textures/T_Brick_Clay_New_N
[2016.09.07-01.52.24:685][672]LogLinker:Warning: Can't find file '/Game/StarterContent/Textures/T_Detail_Rocky_N'
[2016.09.07-01.52.24:685][672]LogLinker:Warning: Can't find file for asset '/Game/StarterContent/Textures/T_Detail_Rocky_N' while loading ../../../../../../Users/Kuba/Desktop/Schoolwork/Unreal Work/SpaceSim/SpaceSim/Content/Materials/M_Brick_Clay_New.uasset.
[2016.09.07-01.52.24:685][672]LoadErrors:Error: Error /Game/Materials/M_Brick_Clay_New : Can't find file for asset. /Game/StarterContent/Textures/T_Detail_Rocky_N
[2016.09.07-01.52.24:686][672]LogLinker:Warning: Can't find file '/Game/StarterContent/Textures/T_MacroVariation'
[2016.09.07-01.52.24:686][672]LogLinker:Warning: Can't find file for asset '/Game/StarterContent/Textures/T_MacroVariation' while loading ../../../../../../Users/Kuba/Desktop/Schoolwork/Unreal Work/SpaceSim/SpaceSim/Content/Materials/M_Brick_Clay_New.uasset.
[2016.09.07-01.52.24:686][672]LoadErrors:Error: Error /Game/Materials/M_Brick_Clay_New : Can't find file for asset. /Game/StarterContent/Textures/T_MacroVariation
[2016.09.07-01.52.24:686][672]LogLinker:Warning: Can't find file '/Game/StarterContent/Textures/T_Brick_Clay_New_D'
[2016.09.07-01.52.24:687][672]LogLinker:Warning: Can't find file for asset '/Game/StarterContent/Textures/T_Brick_Clay_New_D' while loading ../../../../../../Users/Kuba/Desktop/Schoolwork/Unreal Work/SpaceSim/SpaceSim/Content/Materials/M_Brick_Clay_New.uasset.
[2016.09.07-01.52.24:687][672]LogLinker:Warning: Can't find file '/Game/StarterContent/Textures/T_Brick_Clay_New_M'
[2016.09.07-01.52.24:687][672]LogLinker:Warning: Can't find file for asset '/Game/StarterContent/Textures/T_Brick_Clay_New_M' while loading ../../../../../../Users/Kuba/Desktop/Schoolwork/Unreal Work/SpaceSim/SpaceSim/Content/Materials/M_Brick_Clay_New.uasset.
[2016.09.07-01.52.24:687][672]LogLinker:Warning: Can't find file '/Game/StarterContent/Textures/T_Brick_Clay_New_N'
[2016.09.07-01.52.24:688][672]LogLinker:Warning: Can't find file for asset '/Game/StarterContent/Textures/T_Brick_Clay_New_N' while loading ../../../../../../Users/Kuba/Desktop/Schoolwork/Unreal Work/SpaceSim/SpaceSim/Content/Materials/M_Brick_Clay_New.uasset.
[2016.09.07-01.52.24:688][672]LogLinker:Warning: Can't find file '/Game/StarterContent/Textures/T_Detail_Rocky_N'
[2016.09.07-01.52.24:688][672]LogLinker:Warning: Can't find file for asset '/Game/StarterContent/Textures/T_Detail_Rocky_N' while loading ../../../../../../Users/Kuba/Desktop/Schoolwork/Unreal Work/SpaceSim/SpaceSim/Content/Materials/M_Brick_Clay_New.uasset.
[2016.09.07-01.52.24:688][672]LogLinker:Warning: Can't find file '/Game/StarterContent/Textures/T_MacroVariation'
[2016.09.07-01.52.24:688][672]LogLinker:Warning: Can't find file for asset '/Game/StarterContent/Textures/T_MacroVariation' while loading ../../../../../../Users/Kuba/Desktop/Schoolwork/Unreal Work/SpaceSim/SpaceSim/Content/Materials/M_Brick_Clay_New.uasset.
[2016.09.07-01.52.24:692][672]LogLinker:Warning: Can't find file '/Game/StarterContent/Textures/T_Concrete_Panels_D'
[2016.09.07-01.52.24:692][672]LogLinker:Warning: Can't find file for asset '/Game/StarterContent/Textures/T_Concrete_Panels_D' while loading ../../../../../../Users/Kuba/Desktop/Schoolwork/Unreal Work/SpaceSim/SpaceSim/Content/Materials/M_Concrete_Panels.uasset.
[2016.09.07-01.52.24:693][672]LoadErrors:Error: Error /Game/Materials/M_Concrete_Panels : Can't find file for asset. /Game/StarterContent/Textures/T_Concrete_Panels_D
[2016.09.07-01.52.24:693][672]LogLinker:Warning: Can't find file '/Game/StarterContent/Textures/T_Concrete_Panels_N'
[2016.09.07-01.52.24:693][672]LogLinker:Warning: Can't find file for asset '/Game/StarterContent/Textures/T_Concrete_Panels_N' while loading ../../../../../../Users/Kuba/Desktop/Schoolwork/Unreal Work/SpaceSim/SpaceSim/Content/Materials/M_Concrete_Panels.uasset.
[2016.09.07-01.52.24:693][672]LoadErrors:Error: Error /Game/Materials/M_Concrete_Panels : Can't find file for asset. /Game/StarterContent/Textures/T_Concrete_Panels_N
[2016.09.07-01.52.24:694][672]LogLinker:Warning: Can't find file '/Game/StarterContent/Textures/T_MacroVariation'
[2016.09.07-01.52.24:694][672]LogLinker:Warning: Can't find file for asset '/Game/StarterContent/Textures/T_MacroVariation' while loading ../../../../../../Users/Kuba/Desktop/Schoolwork/Unreal Work/SpaceSim/SpaceSim/Content/Materials/M_Concrete_Panels.uasset.
[2016.09.07-01.52.24:694][672]LoadErrors:Error: Error /Game/Materials/M_Concrete_Panels : Can't find file for asset. /Game/StarterContent/Textures/T_MacroVariation
[2016.09.07-01.52.24:694][672]LogLinker:Warning: Can't find file '/Game/StarterContent/Textures/T_Perlin_Noise_M'
[2016.09.07-01.52.24:695][672]LogLinker:Warning: Can't find file for asset '/Game/StarterContent/Textures/T_Perlin_Noise_M' while loading ../../../../../../Users/Kuba/Desktop/Schoolwork/Unreal Work/SpaceSim/SpaceSim/Content/Materials/M_Concrete_Panels.uasset.
[2016.09.07-01.52.24:695][672]LoadErrors:Error: Error /Game/Materials/M_Concrete_Panels : Can't find file for asset. /Game/StarterContent/Textures/T_Perlin_Noise_M
[2016.09.07-01.52.24:695][672]LogLinker:Warning: Can't find file '/Game/StarterContent/Textures/T_Concrete_Panels_D'
[2016.09.07-01.52.24:695][672]LogLinker:Warning: Can't find file for asset '/Game/StarterContent/Textures/T_Concrete_Panels_D' while loading ../../../../../../Users/Kuba/Desktop/Schoolwork/Unreal Work/SpaceSim/SpaceSim/Content/Materials/M_Concrete_Panels.uasset.
[2016.09.07-01.52.24:695][672]LogLinker:Warning: Can't find file '/Game/StarterContent/Textures/T_Concrete_Panels_N'
[2016.09.07-01.52.24:695][672]LogLinker:Warning: Can't find file for asset '/Game/StarterContent/Textures/T_Concrete_Panels_N' while loading ../../../../../../Users/Kuba/Desktop/Schoolwork/Unreal Work/SpaceSim/SpaceSim/Content/Materials/M_Concrete_Panels.uasset.
[2016.09.07-01.52.24:696][672]LogLinker:Warning: Can't find file '/Game/StarterContent/Textures/T_MacroVariation'
[2016.09.07-01.52.24:696][672]LogLinker:Warning: Can't find file for asset '/Game/StarterContent/Textures/T_MacroVariation' while loading ../../../../../../Users/Kuba/Desktop/Schoolwork/Unreal Work/SpaceSim/SpaceSim/Content/Materials/M_Concrete_Panels.uasset.
[2016.09.07-01.52.24:696][672]LogLinker:Warning: Can't find file '/Game/StarterContent/Textures/T_Perlin_Noise_M'
[2016.09.07-01.52.24:696][672]LogLinker:Warning: Can't find file for asset '/Game/StarterContent/Textures/T_Perlin_Noise_M' while loading ../../../../../../Users/Kuba/Desktop/Schoolwork/Unreal Work/SpaceSim/SpaceSim/Content/Materials/M_Concrete_Panels.uasset.
[2016.09.07-01.52.24:700][672]LogLinker:Warning: Can't find file '/Game/StarterContent/Materials/M_Basic_Wall'
[2016.09.07-01.52.24:700][672]LogLinker:Warning: Can't find file for asset '/Game/StarterContent/Materials/M_Basic_Wall' while loading ../../../../../../Users/Kuba/Desktop/Schoolwork/Unreal Work/SpaceSim/SpaceSim/Content/Shapes/Shape_QuadPyramid.uasset.
[2016.09.07-01.52.24:700][672]LoadErrors:Error: Error /Game/Shapes/Shape_QuadPyramid : Can't find file for asset. /Game/StarterContent/Materials/M_Basic_Wall
[2016.09.07-01.52.24:701][672]LogLinker:Warning: Can't find file '/Game/StarterContent/Materials/M_Basic_Wall'
[2016.09.07-01.52.24:701][672]LogLinker:Warning: Can't find file for asset '/Game/StarterContent/Materials/M_Basic_Wall' while loading ../../../../../../Users/Kuba/Desktop/Schoolwork/Unreal Work/SpaceSim/SpaceSim/Content/Shapes/Shape_QuadPyramid.uasset.
[2016.09.07-01.52.24:737][672]LogLinker:Warning: Can't find file '/Game/StarterContent/Textures/T_Concrete_Panels_D'
[2016.09.07-01.52.24:737][672]LoadErrors: Info Failed to load /Game/StarterContent/Textures/T_Concrete_Panels_D.T_Concrete_Panels_D Referenced by MaterialExpressionTextureSample_82
[2016.09.07-01.52.24:737][672]LogLinker:Warning: Can't find file for asset '/Game/StarterContent/Textures/T_Concrete_Panels_D' while loading NULL.
[2016.09.07-01.52.24:738][672]LogLinker:Warning: Can't find file '/Game/StarterContent/Textures/T_Concrete_Panels_N'
[2016.09.07-01.52.24:738][672]LoadErrors: Info Failed to load /Game/StarterContent/Textures/T_Concrete_Panels_N.T_Concrete_Panels_N Referenced by MaterialExpressionTextureSample_83
[2016.09.07-01.52.24:738][672]LogLinker:Warning: Can't find file for asset '/Game/StarterContent/Textures/T_Concrete_Panels_N' while loading NULL.
[2016.09.07-01.52.24:738][672]LogLinker:Warning: Can't find file '/Game/StarterContent/Textures/T_Perlin_Noise_M'
[2016.09.07-01.52.24:738][672]LoadErrors: Info Failed to load /Game/StarterContent/Textures/T_Perlin_Noise_M.T_Perlin_Noise_M Referenced by MaterialExpressionTextureSample_84
[2016.09.07-01.52.24:738][672]LogLinker:Warning: Can't find file for asset '/Game/StarterContent/Textures/T_Perlin_Noise_M' while loading NULL.
[2016.09.07-01.52.24:738][672]LogLinker:Warning: Can't find file '/Game/StarterContent/Textures/T_MacroVariation'
[2016.09.07-01.52.24:738][672]LoadErrors: Info Failed to load /Game/StarterContent/Textures/T_MacroVariation.T_MacroVariation Referenced by MaterialExpressionTextureSample_85
[2016.09.07-01.52.24:738][672]LogLinker:Warning: Can't find file for asset '/Game/StarterContent/Textures/T_MacroVariation' while loading NULL.
[2016.09.07-01.52.24:739][672]LogLinker:Warning: Can't find file '/Game/StarterContent/Textures/T_MacroVariation'
[2016.09.07-01.52.24:739][672]LoadErrors: Info Failed to load /Game/StarterContent/Textures/T_MacroVariation.T_MacroVariation Referenced by MaterialExpressionTextureSample_86
[2016.09.07-01.52.24:739][672]LogLinker:Warning: Can't find file for asset '/Game/StarterContent/Textures/T_MacroVariation' while loading NULL.
[2016.09.07-01.52.24:739][672]LogLinker:Warning: Can't find file '/Game/StarterContent/Textures/T_MacroVariation'
[2016.09.07-01.52.24:739][672]LoadErrors: Info Failed to load /Game/StarterContent/Textures/T_MacroVariation.T_MacroVariation Referenced by MaterialExpressionTextureSample_87
[2016.09.07-01.52.24:739][672]LogLinker:Warning: Can't find file for asset '/Game/StarterContent/Textures/T_MacroVariation' while loading NULL.
[2016.09.07-01.52.24:740][672]LogLinker:Warning: Can't find file '/Game/StarterContent/Materials/M_Basic_Wall'
[2016.09.07-01.52.24:740][672]LoadErrors: Info Failed to load /Game/StarterContent/Materials/M_Basic_Wall.M_Basic_Wall Referenced by Shape_QuadPyramid
[2016.09.07-01.52.24:740][672]LogLinker:Warning: Can't find file for asset '/Game/StarterContent/Materials/M_Basic_Wall' while loading NULL.
[2016.09.07-01.52.24:740][672]LogLinker:Warning: Can't find file '/Game/StarterContent/Textures/T_Brick_Clay_New_M'
[2016.09.07-01.52.24:740][672]LoadErrors: Info Failed to load /Game/StarterContent/Textures/T_Brick_Clay_New_M.T_Brick_Clay_New_M Referenced by MaterialExpressionTextureSample_2
[2016.09.07-01.52.24:741][672]LogLinker:Warning: Can't find file for asset '/Game/StarterContent/Textures/T_Brick_Clay_New_M' while loading NULL.
[2016.09.07-01.52.24:741][672]LogLinker:Warning: Can't find file '/Game/StarterContent/Textures/T_MacroVariation'
[2016.09.07-01.52.24:741][672]LoadErrors: Info Failed to load /Game/StarterContent/Textures/T_MacroVariation.T_MacroVariation Referenced by MaterialExpressionTextureSample_27
[2016.09.07-01.52.24:741][672]LogLinker:Warning: Can't find file for asset '/Game/StarterContent/Textures/T_MacroVariation' while loading NULL.
[2016.09.07-01.52.24:741][672]LogLinker:Warning: Can't find file '/Game/StarterContent/Textures/T_MacroVariation'
[2016.09.07-01.52.24:741][672]LoadErrors: Info Failed to load /Game/StarterContent/Textures/T_MacroVariation.T_MacroVariation Referenced by MaterialExpressionTextureSample_28
[2016.09.07-01.52.24:742][672]LogLinker:Warning: Can't find file for asset '/Game/StarterContent/Textures/T_MacroVariation' while loading NULL.
[2016.09.07-01.52.24:742][672]LogLinker:Warning: Can't find file '/Game/StarterContent/Textures/T_MacroVariation'
[2016.09.07-01.52.24:742][672]LoadErrors: Info Failed to load /Game/StarterContent/Textures/T_MacroVariation.T_MacroVariation Referenced by MaterialExpressionTextureSample_29
[2016.09.07-01.52.24:742][672]LogLinker:Warning: Can't find file for asset '/Game/StarterContent/Textures/T_MacroVariation' while loading NULL.
[2016.09.07-01.52.24:742][672]LogLinker:Warning: Can't find file '/Game/StarterContent/Textures/T_Brick_Clay_New_N'
[2016.09.07-01.52.24:742][672]LoadErrors: Info Failed to load /Game/StarterContent/Textures/T_Brick_Clay_New_N.T_Brick_Clay_New_N Referenced by MaterialExpressionTextureSample_31
[2016.09.07-01.52.24:742][672]LogLinker:Warning: Can't find file for asset '/Game/StarterContent/Textures/T_Brick_Clay_New_N' while loading NULL.
[2016.09.07-01.52.24:743][672]LogLinker:Warning: Can't find file '/Game/StarterContent/Textures/T_Detail_Rocky_N'
[2016.09.07-01.52.24:743][672]LoadErrors: Info Failed to load /Game/StarterContent/Textures/T_Detail_Rocky_N.T_Detail_Rocky_N Referenced by MaterialExpressionTextureSample_32
[2016.09.07-01.52.24:743][672]LogLinker:Warning: Can't find file for asset '/Game/StarterContent/Textures/T_Detail_Rocky_N' while loading NULL.
[2016.09.07-01.52.24:743][672]LogLinker:Warning: Can't find file '/Game/StarterContent/Textures/T_Brick_Clay_New_D'
[2016.09.07-01.52.24:743][672]LoadErrors: Info Failed to load /Game/StarterContent/Textures/T_Brick_Clay_New_D.T_Brick_Clay_New_D Referenced by MaterialExpressionTextureSample_4
[2016.09.07-01.52.24:743][672]LogLinker:Warning: Can't find file for asset '/Game/StarterContent/Textures/T_Brick_Clay_New_D' while loading NULL.
[2016.09.07-01.52.24:743][672]LogLinker:Warning: Can't find file '/Game/StarterContent/Textures/T_Brick_Clay_New_D'
[2016.09.07-01.52.24:743][672]LoadErrors: Info Failed to load /Game/StarterContent/Textures/T_Brick_Clay_New_D.T_Brick_Clay_New_D Referenced by MaterialExpressionTextureSample_5
[2016.09.07-01.52.24:744][672]LogLinker:Warning: Can't find file for asset '/Game/StarterContent/Textures/T_Brick_Clay_New_D' while loading NULL.
[2016.09.07-01.52.24:746][672]LogMaterial: Missing cached shader map for material M_Concrete_Panels, compiling. 
[2016.09.07-01.52.24:746][672]LogMaterial:Warning: Failed to compile Material /Game/Materials/M_Concrete_Panels.M_Concrete_Panels for platform PCD3D_SM5, Default Material will be used in game.
[2016.09.07-01.52.24:746][672]LogMaterial:Warning: 	(Node TextureSample) TextureSample> Missing input texture
[2016.09.07-01.52.24:756][672]LogMaterial: Missing cached shader map for material M_Brick_Clay_New, compiling. 
[2016.09.07-01.52.24:757][672]LogMaterial:Warning: Failed to compile Material /Game/Materials/M_Brick_Clay_New.M_Brick_Clay_New for platform PCD3D_SM5, Default Material will be used in game.
[2016.09.07-01.52.24:757][672]LogMaterial:Warning: 	(Node TextureSample) TextureSample> Missing input texture
[2016.09.07-01.52.33:263][  1]LogEditorViewport: Clicking on Actor (LMB): CubeRotation_C (CubeRotation)
[2016.09.07-01.52.33:338][  1]LogEditorViewport: Clicking on Component (LMB): StaticMeshComponent (Cube)
[2016.09.07-01.52.34:711][ 37]LogEditorViewport: Clicking on Component (LMB): StaticMeshComponent (Sphere)
[2016.09.07-01.52.35:953][ 79]LogEditorViewport: Clicking on Component (LMB): StaticMeshComponent (Cube)
[2016.09.07-01.52.41:715][300]LogEditorViewport: Clicking on Component (LMB): StaticMeshComponent (Cube)
[2016.09.07-01.52.42:290][321]LogEditorViewport: Clicking on Actor (LMB): StaticMeshActor (Floor)
[2016.09.07-01.52.43:135][350]LogEditorViewport: Clicking on Actor (LMB): CubeRotation_C (CubeRotation)
[2016.09.07-01.52.48:451][551]LogPlayLevel: PlayLevel: No blueprints needed recompiling
[2016.09.07-01.52.48:454][551]PIE: New page: PIE session: Untitled_1 (Sep 6, 2016, 4:52:48 PM)
[2016.09.07-01.52.48:454][551]LogPlayLevel: Creating play world package: /Temp/UEDPIE_0_Untitled_1
[2016.09.07-01.52.48:458][551]LogPlayLevel: PIE: StaticDuplicateObject took: (0.003993s)
[2016.09.07-01.52.48:459][551]LogAIModule: Creating AISystem for world Untitled_1
[2016.09.07-01.52.48:460][551]LogPlayLevel: PIE: World Init took: (0.001507s)
[2016.09.07-01.52.48:460][551]LogPlayLevel: PIE: Created PIE world by copying editor world from /Temp/Untitled_1.Untitled_1 to /Temp/UEDPIE_0_Untitled_1.Untitled_1 (0.005939s)
[2016.09.07-01.52.48:508][551]LogInit: XAudio2 using 'Speakers (Realtek High Definition Audio)' : 2 channels at 48 kHz using 32 bits per sample (channel mask 0x3)
[2016.09.07-01.52.48:519][551]LogInit: FAudioDevice initialized.
[2016.09.07-01.52.48:587][551]LogWorld: Game class is 'GameMode'
[2016.09.07-01.52.48:590][551]LogWorld: Bringing World /Temp/UEDPIE_0_Untitled_1.Untitled_1 up for play (max tick rate 60) at 2016.09.06-21.52.48
[2016.09.07-01.52.48:591][551]LogWorld: Bringing up level for play took: 0.002774
[2016.09.07-01.52.48:618][551]LogContentBrowser: Native class hierarchy updated for 'MovieSceneCapture' in 0.0005 seconds. Added 11 classes and 0 folders.
[2016.09.07-01.52.48:619][551]PIE: Info Play in editor start time for /Temp/UEDPIE_0_Untitled_1 0.611
[2016.09.07-01.53.57:397][469]LogEditorViewport: Clicking on Actor (LMB): CubeRotation_C (CubeRotation)
[2016.09.07-01.53.59:004][530]LogEditorViewport: Clicking on Actor (context menu): CubeRotation_C (CubeRotation)
[2016.09.07-01.54.03:803][700]LogEditorViewport: Clicking on Actor (context menu): CubeRotation_C (CubeRotation)
[2016.09.07-01.54.06:366][735]LogContentBrowser: Native class hierarchy updated for 'BlueprintGraph' in 0.0029 seconds. Added 111 classes and 0 folders.
[2016.09.07-01.54.07:677][735]LogTexture:Display: Building textures: TilePatine_N (BC5)
[2016.09.07-01.54.07:904][735]LogTexture:Display: Building textures: TilePatine_D (AutoDXT)
[2016.09.07-01.54.23:780][414]LogText:Warning: Failed to parse argument "GameModeName" as a number (using "0" as a fallback). Please check your format string for errors: "GameMode: {GameModeName}".
[2016.09.07-01.55.02:912][460]LogRenderer: Reallocating scene render targets to support 1208x892 (Frame:4912).
[2016.09.07-01.55.31:327][ 61]LogEditorViewport: Clicking Background
[2016.09.07-01.55.46:351][652]LogPlayLevel: PlayLevel: No blueprints needed recompiling
[2016.09.07-01.55.46:352][652]PIE: New page: PIE session: Untitled_1 (Sep 6, 2016, 4:55:46 PM)
[2016.09.07-01.55.46:352][652]LogPlayLevel: Creating play world package: /Temp/UEDPIE_0_Untitled_1
[2016.09.07-01.55.46:355][652]LogPlayLevel: PIE: StaticDuplicateObject took: (0.002897s)
[2016.09.07-01.55.46:356][652]LogAIModule: Creating AISystem for world Untitled_1
[2016.09.07-01.55.46:356][652]LogPlayLevel: PIE: World Init took: (0.001634s)
[2016.09.07-01.55.46:356][652]LogPlayLevel: PIE: Created PIE world by copying editor world from /Temp/Untitled_1.Untitled_1 to /Temp/UEDPIE_0_Untitled_1.Untitled_1 (0.004824s)
[2016.09.07-01.55.46:426][652]LogInit: XAudio2 using 'Speakers (Realtek High Definition Audio)' : 2 channels at 48 kHz using 32 bits per sample (channel mask 0x3)
[2016.09.07-01.55.46:435][652]LogInit: FAudioDevice initialized.
[2016.09.07-01.55.46:508][652]LogWorld: Game class is 'GameMode'
[2016.09.07-01.55.46:512][652]LogWorld: Bringing World /Temp/UEDPIE_0_Untitled_1.Untitled_1 up for play (max tick rate 60) at 2016.09.06-21.55.46
[2016.09.07-01.55.46:512][652]LogWorld: Bringing up level for play took: 0.003527
[2016.09.07-01.55.46:577][652]PIE: Info Play in editor start time for /Temp/UEDPIE_0_Untitled_1 0.568
[2016.09.07-01.57.43:765][312]LogEditorViewport: Clicking on Actor (LMB): CubeRotation_C (CubeRotation)
[2016.09.07-01.58.17:128][710]BlueprintLog: New page: Compile CubeRotation
[2016.09.07-01.58.17:477][710]BlueprintEditorCompileResults: Info [0433.28] Compile of CubeRotation successful! [in 339 ms] (/Game/Blueprints/CubeRotation.CubeRotation)
[2016.09.07-01.58.19:100][738]LogPlayLevel: PlayLevel: No blueprints needed recompiling
[2016.09.07-01.58.19:100][738]PIE: New page: PIE session: Untitled_1 (Sep 6, 2016, 4:58:19 PM)
[2016.09.07-01.58.19:100][738]LogPlayLevel: Creating play world package: /Temp/UEDPIE_0_Untitled_1
[2016.09.07-01.58.19:104][738]LogPlayLevel: PIE: StaticDuplicateObject took: (0.003806s)
[2016.09.07-01.58.19:105][738]LogAIModule: Creating AISystem for world Untitled_1
[2016.09.07-01.58.19:105][738]LogPlayLevel: PIE: World Init took: (0.000872s)
[2016.09.07-01.58.19:105][738]LogPlayLevel: PIE: Created PIE world by copying editor world from /Temp/Untitled_1.Untitled_1 to /Temp/UEDPIE_0_Untitled_1.Untitled_1 (0.004963s)
[2016.09.07-01.58.19:166][738]LogInit: XAudio2 using 'Speakers (Realtek High Definition Audio)' : 2 channels at 48 kHz using 32 bits per sample (channel mask 0x3)
[2016.09.07-01.58.19:176][738]LogInit: FAudioDevice initialized.
[2016.09.07-01.58.19:234][738]LogWorld: Game class is 'GameMode'
[2016.09.07-01.58.19:237][738]LogWorld: Bringing World /Temp/UEDPIE_0_Untitled_1.Untitled_1 up for play (max tick rate 60) at 2016.09.06-21.58.19
[2016.09.07-01.58.19:237][738]LogWorld: Bringing up level for play took: 0.002704
[2016.09.07-01.58.19:239][738]PIE: Info Play in editor start time for /Temp/UEDPIE_0_Untitled_1 -0.769
[2016.09.07-01.59.30:473][202]BlueprintLog: New page: Compile CubeRotation
[2016.09.07-01.59.30:643][202]BlueprintEditorCompileResults: Info [0506.46] Compile of CubeRotation successful! [in 169 ms] (/Game/Blueprints/CubeRotation.CubeRotation)
[2016.09.07-02.01.45:872][148]BlueprintLog: New page: Compile CubeRotation
[2016.09.07-02.01.46:205][148]BlueprintEditorCompileResults: Info [0642.02] Compile of CubeRotation successful! [in 332 ms] (/Game/Blueprints/CubeRotation.CubeRotation)
[2016.09.07-02.02.02:254][899]BlueprintLog: New page: Compile CubeRotation
[2016.09.07-02.02.02:672][899]BlueprintEditorCompileResults: Info [0658.49] Compile of CubeRotation successful! [in 418 ms] (/Game/Blueprints/CubeRotation.CubeRotation)
[2016.09.07-02.02.17:837][446]LogPlayLevel: PlayLevel: No blueprints needed recompiling
[2016.09.07-02.02.17:837][446]PIE: New page: PIE session: Untitled_1 (Sep 6, 2016, 5:02:17 PM)
[2016.09.07-02.02.17:837][446]LogPlayLevel: Creating play world package: /Temp/UEDPIE_0_Untitled_1
[2016.09.07-02.02.17:842][446]LogPlayLevel: PIE: StaticDuplicateObject took: (0.004251s)
[2016.09.07-02.02.17:843][446]LogAIModule: Creating AISystem for world Untitled_1
[2016.09.07-02.02.17:844][446]LogPlayLevel: PIE: World Init took: (0.001648s)
[2016.09.07-02.02.17:844][446]LogPlayLevel: PIE: Created PIE world by copying editor world from /Temp/Untitled_1.Untitled_1 to /Temp/UEDPIE_0_Untitled_1.Untitled_1 (0.006296s)
[2016.09.07-02.02.17:913][446]LogInit: XAudio2 using 'Speakers (Realtek High Definition Audio)' : 2 channels at 48 kHz using 32 bits per sample (channel mask 0x3)
[2016.09.07-02.02.17:924][446]LogInit: FAudioDevice initialized.
[2016.09.07-02.02.17:979][446]LogWorld: Game class is 'GameMode'
[2016.09.07-02.02.17:982][446]LogWorld: Bringing World /Temp/UEDPIE_0_Untitled_1.Untitled_1 up for play (max tick rate 0) at 2016.09.06-22.02.17
[2016.09.07-02.02.17:983][446]LogWorld: Bringing up level for play took: 0.002838
[2016.09.07-02.02.17:985][446]PIE: Info Play in editor start time for /Temp/UEDPIE_0_Untitled_1 -0.024
[2016.09.07-02.04.03:757][229]LogEditorViewport: Clicking on Actor (LMB): CubeRotation_C (CubeRotation)
[2016.09.07-02.04.59:353][310]LogSavePackage: Save=70.16ms
[2016.09.07-02.04.59:353][310]LogSavePackage: Moving '../../../../../../Users/Kuba/Desktop/Schoolwork/Unreal Work/SpaceSim/SpaceSim/Saved/Untitled_1_Auto14110CB6D4E040EF8DC697B905DA806E7.tmp' to '../../../../../../Users/Kuba/Desktop/Schoolwork/Unreal Work/SpaceSim/SpaceSim/Saved/Autosaves/Temp/Untitled_1_Auto1.umap'
[2016.09.07-02.04.59:356][310]LogSavePackage:Display: Finished SavePackage ../../../../../../Users/Kuba/Desktop/Schoolwork/Unreal Work/SpaceSim/SpaceSim/Saved/Autosaves/Temp/Untitled_1_Auto1.umap
[2016.09.07-02.04.59:358][310]LogFileHelpers: Editor autosave (incl. sublevels) for '/Temp/Untitled_1' took 0.131
[2016.09.07-02.04.59:358][310]LogFileHelpers: Editor autosave (incl. sublevels) for all levels took 0.131
[2016.09.07-02.04.59:377][310]OBJ SavePackage: Generating thumbnails for [1] asset(s) in package [/Game/Blueprints/CubeRotation] ([1] browsable assets)...
[2016.09.07-02.04.59:406][310]OBJ SavePackage:     Rendered thumbnail for [Blueprint /Game/Blueprints/CubeRotation.CubeRotation]
[2016.09.07-02.04.59:406][310]OBJ SavePackage: Finished generating thumbnails for package [/Game/Blueprints/CubeRotation]
[2016.09.07-02.04.59:447][310]LogSavePackage: Save=36.57ms
[2016.09.07-02.04.59:447][310]LogSavePackage: Moving '../../../../../../Users/Kuba/Desktop/Schoolwork/Unreal Work/SpaceSim/SpaceSim/Saved/CubeRotation_Auto1289721BA4DC6249C31F410B765C88D2B.tmp' to '../../../../../../Users/Kuba/Desktop/Schoolwork/Unreal Work/SpaceSim/SpaceSim/Saved/Autosaves/Game/Blueprints/CubeRotation_Auto1.uasset'
[2016.09.07-02.04.59:449][310]LogSavePackage:Display: Finished SavePackage ../../../../../../Users/Kuba/Desktop/Schoolwork/Unreal Work/SpaceSim/SpaceSim/Saved/Autosaves/Game/Blueprints/CubeRotation_Auto1.uasset
[2016.09.07-02.04.59:450][310]OBJ SavePackage: Generating thumbnails for [0] asset(s) in package [/Game/Blueprints/CubeRotation2] ([1] browsable assets)...
[2016.09.07-02.04.59:450][310]OBJ SavePackage: Finished generating thumbnails for package [/Game/Blueprints/CubeRotation2]
[2016.09.07-02.04.59:461][310]LogSavePackage: Save=8.78ms
[2016.09.07-02.04.59:461][310]LogSavePackage: Moving '../../../../../../Users/Kuba/Desktop/Schoolwork/Unreal Work/SpaceSim/SpaceSim/Saved/CubeRotation2_Auto1747DEA2B4C9BD315D900A593F99F05C9.tmp' to '../../../../../../Users/Kuba/Desktop/Schoolwork/Unreal Work/SpaceSim/SpaceSim/Saved/Autosaves/Game/Blueprints/CubeRotation2_Auto1.uasset'
[2016.09.07-02.04.59:463][310]LogSavePackage:Display: Finished SavePackage ../../../../../../Users/Kuba/Desktop/Schoolwork/Unreal Work/SpaceSim/SpaceSim/Saved/Autosaves/Game/Blueprints/CubeRotation2_Auto1.uasset
[2016.09.07-02.04.59:463][310]LogFileHelpers: Auto-saving content packages took 0.089
[2016.09.07-02.05.32:903][270]Cmd: OBJ SAVEPACKAGE PACKAGE="/Game/Blueprints/CubeRotation" FILE="../../../../../../Users/Kuba/Desktop/Schoolwork/Unreal Work/SpaceSim/SpaceSim/Content/Blueprints/CubeRotation.uasset" SILENT=true
[2016.09.07-02.05.32:937][270]LogSavePackage: Save=28.43ms
[2016.09.07-02.05.32:937][270]LogSavePackage: Moving '../../../../../../Users/Kuba/Desktop/Schoolwork/Unreal Work/SpaceSim/SpaceSim/Saved/CubeRotation4F30CEAB44020C7658167D99BF3CC0D4.tmp' to '../../../../../../Users/Kuba/Desktop/Schoolwork/Unreal Work/SpaceSim/SpaceSim/Content/Blueprints/CubeRotation.uasset'
[2016.09.07-02.05.32:942][270]LogSavePackage:Display: Finished SavePackage ../../../../../../Users/Kuba/Desktop/Schoolwork/Unreal Work/SpaceSim/SpaceSim/Content/Blueprints/CubeRotation.uasset
[2016.09.07-02.05.36:154][351]LogActorComponent: UnregisterComponent: (/Engine/Transient.EditorFloorComp) Not registered. Aborting.
[2016.09.07-02.05.36:469][352]Cmd: QUIT_EDITOR
[2016.09.07-02.05.37:205][352]LogWindowsTextInputMethodSystem:Display: IME system now deactivated.
[2016.09.07-02.05.37:249][352]LogExit: Preparing to exit.
[2016.09.07-02.05.37:691][352]LogExit: Editor shut down
[2016.09.07-02.05.37:692][352]LogExit: Transaction tracking system shut down
[2016.09.07-02.05.37:874][352]LogObj: Freed 0b from 0 cluster array pools.
[2016.09.07-02.05.37:874][352]LogExit: Object subsystem successfully closed.
[2016.09.07-02.05.37:888][352]LogD3D11RHI: Shutdown
[2016.09.07-02.05.37:888][352]LogD3D11RHI: CleanupD3DDevice
[2016.09.07-02.05.37:990][352]LogD3D11RHI: ~FD3D11DynamicRHI
[2016.09.07-02.05.38:020][352]LogModuleManager: Shutting down and abandoning module HierarchicalLODUtilities (216)
[2016.09.07-02.05.38:036][352]LogModuleManager: Shutting down and abandoning module BlueprintGraph (215)
[2016.09.07-02.05.38:036][352]LogModuleManager: Shutting down and abandoning module MovieSceneCapture (214)
[2016.09.07-02.05.38:036][352]LogModuleManager: Shutting down and abandoning module HierarchicalLODOutliner (213)
[2016.09.07-02.05.38:036][352]LogModuleManager: Shutting down and abandoning module CrashTracker (212)
[2016.09.07-02.05.38:036][352]LogModuleManager: Shutting down and abandoning module SceneOutliner (211)
[2016.09.07-02.05.38:036][352]LogModuleManager: Shutting down and abandoning module WidgetCarousel (210)
[2016.09.07-02.05.38:036][352]LogModuleManager: Shutting down and abandoning module AddContentDialog (209)
[2016.09.07-02.05.38:037][352]LogModuleManager: Shutting down and abandoning module GameplayTags (208)
[2016.09.07-02.05.38:037][352]LogModuleManager: Shutting down and abandoning module EditorWidgets (207)
[2016.09.07-02.05.38:037][352]LogModuleManager: Shutting down and abandoning module CollectionManager (206)
[2016.09.07-02.05.38:038][352]LogModuleManager: Shutting down and abandoning module StatsViewer (205)
[2016.09.07-02.05.38:038][352]LogModuleManager: Shutting down and abandoning module FoliageEdit (204)
[2016.09.07-02.05.38:038][352]LogModuleManager: Shutting down and abandoning module LandscapeEditor (203)
[2016.09.07-02.05.38:038][352]LogModuleManager: Shutting down and abandoning module SceneDepthPickerMode (202)
[2016.09.07-02.05.38:038][352]LogModuleManager: Shutting down and abandoning module ActorPickerMode (201)
[2016.09.07-02.05.38:038][352]LogModuleManager: Shutting down and abandoning module GeometryMode (200)
[2016.09.07-02.05.38:038][352]LogModuleManager: Shutting down and abandoning module TextureAlignMode (199)
[2016.09.07-02.05.38:038][352]LogModuleManager: Shutting down and abandoning module BspMode (198)
[2016.09.07-02.05.38:038][352]LogModuleManager: Shutting down and abandoning module HardwareSurvey (197)
[2016.09.07-02.05.38:038][352]LogModuleManager: Shutting down and abandoning module SequenceRecorderSections (196)
[2016.09.07-02.05.38:038][352]LogModuleManager: Shutting down and abandoning module SequenceRecorder (195)
[2016.09.07-02.05.38:038][352]LogModuleManager: Shutting down and abandoning module AutomationWorker (194)
[2016.09.07-02.05.38:038][352]LogModuleManager: Shutting down and abandoning module MatineeToLevelSequence (193)
[2016.09.07-02.05.38:038][352]LogModuleManager: Shutting down and abandoning module PlacementMode (192)
[2016.09.07-02.05.38:038][352]LogModuleManager: Shutting down and abandoning module LevelSequenceEditor (191)
[2016.09.07-02.05.38:038][352]LogModuleManager: Shutting down and abandoning module CharacterAI (190)
[2016.09.07-02.05.38:039][352]LogModuleManager: Shutting down and abandoning module SmartSnapping (189)
[2016.09.07-02.05.38:039][352]LogModuleManager: Shutting down and abandoning module SessionServices (188)
[2016.09.07-02.05.38:039][352]LogModuleManager: Shutting down and abandoning module ViewportSnapping (187)
[2016.09.07-02.05.38:039][352]LogModuleManager: Shutting down and abandoning module LogVisualizer (186)
[2016.09.07-02.05.38:039][352]LogModuleManager: Shutting down and abandoning module GameProjectGeneration (185)
[2016.09.07-02.05.38:039][352]LogModuleManager: Shutting down and abandoning module IntroTutorials (184)
[2016.09.07-02.05.38:039][352]LogModuleManager: Shutting down and abandoning module EditorLiveStreaming (183)
[2016.09.07-02.05.38:039][352]LogModuleManager: Shutting down and abandoning module IOSPlatformEditor (182)
[2016.09.07-02.05.38:039][352]LogModuleManager: Shutting down and abandoning module HTML5PlatformEditor (181)
[2016.09.07-02.05.38:039][352]LogModuleManager: Shutting down and abandoning module AndroidDeviceDetection (180)
[2016.09.07-02.05.38:064][352]LogModuleManager: Shutting down and abandoning module AndroidPlatformEditor (179)
[2016.09.07-02.05.38:064][352]LogModuleManager: Shutting down and abandoning module IOSRuntimeSettings (178)
[2016.09.07-02.05.38:064][352]LogModuleManager: Shutting down and abandoning module AndroidRuntimeSettings (177)
[2016.09.07-02.05.38:064][352]LogModuleManager: Shutting down and abandoning module MergeActors (176)
[2016.09.07-02.05.38:064][352]LogModuleManager: Shutting down and abandoning module SizeMap (175)
[2016.09.07-02.05.38:064][352]LogModuleManager: Shutting down and abandoning module TreeMap (174)
[2016.09.07-02.05.38:064][352]LogModuleManager: Shutting down and abandoning module ReferenceViewer (173)
[2016.09.07-02.05.38:064][352]LogModuleManager: Shutting down and abandoning module LocalizationService (172)
[2016.09.07-02.05.38:064][352]LogModuleManager: Shutting down and abandoning module LocalizationDashboard (171)
[2016.09.07-02.05.38:064][352]LogModuleManager: Shutting down and abandoning module HardwareTargeting (170)
[2016.09.07-02.05.38:064][352]LogModuleManager: Shutting down and abandoning module DeviceProfileEditor (169)
[2016.09.07-02.05.38:064][352]LogModuleManager: Shutting down and abandoning module UndoHistory (168)
[2016.09.07-02.05.38:064][352]LogModuleManager: Shutting down and abandoning module UserFeedback (167)
[2016.09.07-02.05.38:064][352]LogModuleManager: Shutting down and abandoning module XmlParser (166)
[2016.09.07-02.05.38:064][352]LogModuleManager: Shutting down and abandoning module Blutility (165)
[2016.09.07-02.05.38:064][352]LogModuleManager: Shutting down and abandoning module ProjectTargetPlatformEditor (164)
[2016.09.07-02.05.38:064][352]LogModuleManager: Shutting down and abandoning module ProjectSettingsViewer (163)
[2016.09.07-02.05.38:065][352]LogModuleManager: Shutting down and abandoning module InputBindingEditor (162)
[2016.09.07-02.05.38:065][352]LogModuleManager: Shutting down and abandoning module EditorSettingsViewer (161)
[2016.09.07-02.05.38:065][352]LogModuleManager: Shutting down and abandoning module SettingsEditor (160)
[2016.09.07-02.05.38:065][352]LogModuleManager: Shutting down and abandoning module ProjectLauncher (159)
[2016.09.07-02.05.38:065][352]LogModuleManager: Shutting down and abandoning module SessionFrontend (158)
[2016.09.07-02.05.38:065][352]LogModuleManager: Shutting down and abandoning module ProfilerClient (157)
[2016.09.07-02.05.38:065][352]LogModuleManager: Shutting down and abandoning module TargetDeviceServices (156)
[2016.09.07-02.05.38:065][352]LogModuleManager: Shutting down and abandoning module DeviceManager (155)
[2016.09.07-02.05.38:108][352]LogModuleManager: Shutting down and abandoning module AutomationController (154)
[2016.09.07-02.05.38:108][352]LogModuleManager: Shutting down and abandoning module AutomationWindow (153)
[2016.09.07-02.05.38:108][352]LogModuleManager: Shutting down and abandoning module Layers (152)
[2016.09.07-02.05.38:108][352]LogModuleManager: Shutting down and abandoning module ComponentVisualizers (151)
[2016.09.07-02.05.38:108][352]LogModuleManager: Shutting down and abandoning module DetailCustomizations (150)
[2016.09.07-02.05.38:108][352]LogModuleManager: Shutting down and abandoning module PackagesDialog (149)
[2016.09.07-02.05.38:108][352]LogModuleManager: Shutting down and abandoning module Persona (148)
[2016.09.07-02.05.38:108][352]LogModuleManager: Shutting down and abandoning module Kismet (147)
[2016.09.07-02.05.38:108][352]LogModuleManager: Shutting down and abandoning module GraphEditor (146)
[2016.09.07-02.05.38:108][352]LogModuleManager: Shutting down and abandoning module ClassViewer (145)
[2016.09.07-02.05.38:109][352]LogModuleManager: Shutting down and abandoning module Toolbox (144)
[2016.09.07-02.05.38:109][352]LogModuleManager: Shutting down and abandoning module ModuleUI (143)
[2016.09.07-02.05.38:109][352]LogModuleManager: Shutting down and abandoning module MovieSceneTools (142)
[2016.09.07-02.05.38:110][352]LogModuleManager: Shutting down and abandoning module OutputLog (141)
[2016.09.07-02.05.38:110][352]LogModuleManager: Shutting down and abandoning module GammaUI (140)
[2016.09.07-02.05.38:110][352]LogModuleManager: Shutting down and abandoning module Documentation (139)
[2016.09.07-02.05.38:110][352]LogModuleManager: Shutting down and abandoning module StreamingPauseRendering (138)
[2016.09.07-02.05.38:110][352]LogModuleManager: Shutting down and abandoning module AnalyticsET (137)
[2016.09.07-02.05.38:110][352]LogModuleManager: Shutting down and abandoning module Analytics (136)
[2016.09.07-02.05.38:110][352]LogModuleManager: Shutting down and abandoning module PortalServices (135)
[2016.09.07-02.05.38:110][352]LogModuleManager: Shutting down and abandoning module PortalRpc (134)
[2016.09.07-02.05.38:110][352]LogModuleManager: Shutting down and abandoning module MessagingRpc (133)
[2016.09.07-02.05.38:110][352]LogModuleManager: Shutting down and abandoning module GameplayDebugger (132)
[2016.09.07-02.05.38:110][352]LogModuleManager: Shutting down and abandoning module AITestSuite (131)
[2016.09.07-02.05.38:110][352]LogModuleManager: Shutting down and abandoning module AIModule (130)
[2016.09.07-02.05.38:110][352]LogModuleManager: Shutting down and abandoning module ProfilerService (129)
[2016.09.07-02.05.38:347][352]LogModuleManager: Shutting down and abandoning module TaskGraph (128)
[2016.09.07-02.05.38:347][352]LogModuleManager: Shutting down and abandoning module SlateRemote (127)
[2016.09.07-02.05.38:347][352]LogModuleManager: Shutting down and abandoning module SteamVRController (126)
[2016.09.07-02.05.38:347][352]LogModuleManager: Shutting down and abandoning module SteamVR (125)
[2016.09.07-02.05.38:347][352]LogModuleManager: Shutting down and abandoning module ProceduralMeshComponent (124)
[2016.09.07-02.05.38:347][352]LogModuleManager: Shutting down and abandoning module OculusLibrary (123)
[2016.09.07-02.05.38:347][352]LogModuleManager: Shutting down and abandoning module OculusInput (122)
[2016.09.07-02.05.38:347][352]LogModuleManager: Shutting down and abandoning module CustomMeshComponent (121)
[2016.09.07-02.05.38:347][352]LogModuleManager: Shutting down and abandoning module CableComponent (120)
[2016.09.07-02.05.38:347][352]LogModuleManager: Shutting down and abandoning module ArchVisCharacter (119)
[2016.09.07-02.05.38:347][352]LogModuleManager: Shutting down and abandoning module MediaPlayerEditor (118)
[2016.09.07-02.05.38:348][352]LogModuleManager: Shutting down and abandoning module HTML5Networking (117)
[2016.09.07-02.05.38:348][352]LogModuleManager: Shutting down and abandoning module SuperSearch (116)
[2016.09.07-02.05.38:348][352]LogModuleManager: Shutting down and abandoning module SuperSearchEditor (115)
[2016.09.07-02.05.38:348][352]LogModuleManager: Shutting down and abandoning module SpeedTreeImporter (114)
[2016.09.07-02.05.38:348][352]LogModuleManager: Shutting down and abandoning module PluginBrowser (113)
[2016.09.07-02.05.38:348][352]LogModuleManager: Shutting down and abandoning module EpicSurvey (112)
[2016.09.07-02.05.38:348][352]LogModuleManager: Shutting down and abandoning module DesktopPlatform (111)
[2016.09.07-02.05.38:348][352]LogModuleManager: Shutting down and abandoning module VisualStudioSourceCodeAccess (110)
[2016.09.07-02.05.38:348][352]LogModuleManager: Shutting down and abandoning module UObjectPlugin (109)
[2016.09.07-02.05.38:348][352]LogModuleManager: Shutting down and abandoning module SubversionSourceControl (108)
[2016.09.07-02.05.38:349][352]LogModuleManager: Shutting down and abandoning module PerforceSourceControl (107)
[2016.09.07-02.05.38:349][352]LogModuleManager: Shutting down and abandoning module SourceControl (106)
[2016.09.07-02.05.38:349][352]LogModuleManager: Shutting down and abandoning module GitSourceControl (105)
[2016.09.07-02.05.38:349][352]LogModuleManager: Shutting down and abandoning module LightPropagationVolumeEditor (104)
[2016.09.07-02.05.38:349][352]LogModuleManager: Shutting down and abandoning module PaperTiledImporter (103)
[2016.09.07-02.05.38:349][352]LogModuleManager: Shutting down and abandoning module PaperSpriteSheetImporter (102)
[2016.09.07-02.05.38:349][352]LogModuleManager: Shutting down and abandoning module MeshPaint (101)
[2016.09.07-02.05.38:349][352]LogModuleManager: Shutting down and abandoning module PixelInspectorModule (100)
[2016.09.07-02.05.38:349][352]LogModuleManager: Shutting down and abandoning module HotReload (99)
[2016.09.07-02.05.38:351][352]LogModuleManager: Shutting down and abandoning module MainFrame (98)
[2016.09.07-02.05.38:351][352]LogModuleManager: Shutting down and abandoning module LevelEditor (97)
[2016.09.07-02.05.38:353][352]LogModuleManager: Shutting down and abandoning module ContentBrowser (96)
[2016.09.07-02.05.38:356][352]LogModuleManager: Shutting down and abandoning module Paper2DEditor (95)
[2016.09.07-02.05.38:356][352]LogModuleManager: Shutting down and abandoning module UdpMessaging (94)
[2016.09.07-02.05.38:458][352]LogModuleManager: Shutting down and abandoning module LightPropagationVolumeRuntime (93)
[2016.09.07-02.05.38:458][352]LogModuleManager: Shutting down and abandoning module Paper2D (92)
[2016.09.07-02.05.38:458][352]LogModuleManager: Shutting down and abandoning module WindowsMoviePlayer (91)
[2016.09.07-02.05.38:458][352]LogModuleManager: Shutting down and abandoning module Media (90)
[2016.09.07-02.05.38:458][352]LogModuleManager: Shutting down and abandoning module WmfMedia (89)
[2016.09.07-02.05.38:458][352]LogModuleManager: Shutting down and abandoning module MediaAssets (88)
[2016.09.07-02.05.38:458][352]LogModuleManager: Shutting down and abandoning module GameLiveStreaming (87)
[2016.09.07-02.05.38:459][352]LogModuleManager: Shutting down and abandoning module GameplayTagsEditor (86)
[2016.09.07-02.05.38:459][352]LogModuleManager: Shutting down and abandoning module OnlineBlueprintSupport (85)
[2016.09.07-02.05.38:459][352]LogModuleManager: Shutting down and abandoning module VREditor (84)
[2016.09.07-02.05.38:459][352]LogModuleManager: Shutting down and abandoning module GameplayTasksEditor (83)
[2016.09.07-02.05.38:459][352]LogModuleManager: Shutting down and abandoning module PropertyEditor (82)
[2016.09.07-02.05.38:459][352]LogModuleManager: Shutting down and abandoning module BehaviorTreeEditor (81)
[2016.09.07-02.05.38:459][352]LogModuleManager: Shutting down and abandoning module FunctionalTesting (80)
[2016.09.07-02.05.38:459][352]LogModuleManager: Shutting down and abandoning module CollisionAnalyzer (79)
[2016.09.07-02.05.38:459][352]LogModuleManager: Shutting down and abandoning module Sequencer (78)
[2016.09.07-02.05.38:459][352]LogModuleManager: Shutting down and abandoning module WorkspaceMenuStructure (77)
[2016.09.07-02.05.38:459][352]LogModuleManager: Shutting down and abandoning module MessageLog (76)
[2016.09.07-02.05.38:459][352]LogModuleManager: Shutting down and abandoning module AssetTools (75)
[2016.09.07-02.05.38:460][352]LogModuleManager: Shutting down and abandoning module UMGEditor (74)
[2016.09.07-02.05.38:460][352]LogModuleManager: Shutting down and abandoning module UMG (73)
[2016.09.07-02.05.38:460][352]LogModuleManager: Shutting down and abandoning module SlateReflector (72)
[2016.09.07-02.05.38:460][352]LogModuleManager: Shutting down and abandoning module Slate (71)
[2016.09.07-02.05.38:460][352]LogModuleManager: Shutting down and abandoning module EditorStyle (70)
[2016.09.07-02.05.38:472][352]LogModuleManager: Shutting down and abandoning module SourceCodeAccess (69)
[2016.09.07-02.05.38:472][352]LogModuleManager: Shutting down and abandoning module HeadMountedDisplay (68)
[2016.09.07-02.05.38:472][352]LogModuleManager: Shutting down and abandoning module XAudio2 (67)
[2016.09.07-02.05.38:473][352]LogModuleManager: Shutting down and abandoning module Networking (65)
[2016.09.07-02.05.38:473][352]LogModuleManager: Shutting down and abandoning module Core (64)
[2016.09.07-02.05.38:473][352]LogModuleManager: Shutting down and abandoning module DirectoryWatcher (63)
[2016.09.07-02.05.38:475][352]LogModuleManager: Shutting down and abandoning module AssetRegistry (62)
[2016.09.07-02.05.38:666][352]LogModuleManager: Shutting down and abandoning module KismetCompiler (61)
[2016.09.07-02.05.38:666][352]LogModuleManager: Shutting down and abandoning module PhysXFormats (60)
[2016.09.07-02.05.38:666][352]LogModuleManager: Shutting down and abandoning module MeshUtilities (59)
[2016.09.07-02.05.38:666][352]LogModuleManager: Shutting down and abandoning module DerivedDataCache (58)
[2016.09.07-02.05.38:710][352]LogDerivedDataCache: Shutdown
[2016.09.07-02.05.38:710][352]LogModuleManager: Shutting down and abandoning module VulkanShaderFormat (57)
[2016.09.07-02.05.38:710][352]LogModuleManager: Shutting down and abandoning module ShaderFormatOpenGL (56)
[2016.09.07-02.05.38:710][352]LogModuleManager: Shutting down and abandoning module ShaderFormatD3D (55)
[2016.09.07-02.05.38:710][352]LogModuleManager: Shutting down and abandoning module MetalShaderFormat (54)
[2016.09.07-02.05.38:710][352]LogModuleManager: Shutting down and abandoning module TextureFormatUncompressed (53)
[2016.09.07-02.05.38:710][352]LogModuleManager: Shutting down and abandoning module TextureFormatPVR (52)
[2016.09.07-02.05.38:710][352]LogModuleManager: Shutting down and abandoning module TextureFormatIntelISPCTexComp (51)
[2016.09.07-02.05.38:710][352]LogModuleManager: Shutting down and abandoning module TextureFormatDXT (50)
[2016.09.07-02.05.38:710][352]LogModuleManager: Shutting down and abandoning module ImageWrapper (49)
[2016.09.07-02.05.38:710][352]LogModuleManager: Shutting down and abandoning module TextureFormatASTC (48)
[2016.09.07-02.05.38:710][352]LogModuleManager: Shutting down and abandoning module TextureFormatAndroid (47)
[2016.09.07-02.05.38:710][352]LogModuleManager: Shutting down and abandoning module AudioFormatOpus (46)
[2016.09.07-02.05.38:710][352]LogModuleManager: Shutting down and abandoning module AudioFormatOgg (45)
[2016.09.07-02.05.38:710][352]LogModuleManager: Shutting down and abandoning module AudioFormatADPCM (44)
[2016.09.07-02.05.38:710][352]LogModuleManager: Shutting down and abandoning module LinuxTargetPlatform (43)
[2016.09.07-02.05.38:711][352]LogModuleManager: Shutting down and abandoning module LinuxServerTargetPlatform (42)
[2016.09.07-02.05.38:711][352]LogModuleManager: Shutting down and abandoning module LinuxNoEditorTargetPlatform (41)
[2016.09.07-02.05.38:711][352]LogModuleManager: Shutting down and abandoning module TVOSTargetPlatform (40)
[2016.09.07-02.05.38:711][352]LogModuleManager: Shutting down and abandoning module Messaging (39)
[2016.09.07-02.05.38:711][352]LogModuleManager: Shutting down and abandoning module IOSTargetPlatform (38)
[2016.09.07-02.05.38:711][352]LogModuleManager: Shutting down and abandoning module HTML5TargetPlatform (37)
[2016.09.07-02.05.38:711][352]LogModuleManager: Shutting down and abandoning module Android_PVRTCTargetPlatform (36)
[2016.09.07-02.05.38:711][352]LogModuleManager: Shutting down and abandoning module Android_MultiTargetPlatform (35)
[2016.09.07-02.05.38:711][352]LogModuleManager: Shutting down and abandoning module Android_ETC2TargetPlatform (34)
[2016.09.07-02.05.38:711][352]LogModuleManager: Shutting down and abandoning module Android_ETC1TargetPlatform (33)
[2016.09.07-02.05.38:711][352]LogModuleManager: Shutting down and abandoning module Android_DXTTargetPlatform (32)
[2016.09.07-02.05.38:711][352]LogModuleManager: Shutting down and abandoning module Android_ATCTargetPlatform (31)
[2016.09.07-02.05.38:711][352]LogModuleManager: Shutting down and abandoning module Android_ASTCTargetPlatform (30)
[2016.09.07-02.05.38:711][352]LogModuleManager: Shutting down and abandoning module AndroidTargetPlatform (29)
[2016.09.07-02.05.38:711][352]LogModuleManager: Shutting down and abandoning module WindowsTargetPlatform (28)
[2016.09.07-02.05.38:711][352]LogModuleManager: Shutting down and abandoning module WindowsServerTargetPlatform (27)
[2016.09.07-02.05.38:711][352]LogModuleManager: Shutting down and abandoning module WindowsNoEditorTargetPlatform (26)
[2016.09.07-02.05.38:711][352]LogModuleManager: Shutting down and abandoning module WindowsClientTargetPlatform (25)
[2016.09.07-02.05.38:711][352]LogModuleManager: Shutting down and abandoning module AllDesktopTargetPlatform (24)
[2016.09.07-02.05.38:711][352]LogModuleManager: Shutting down and abandoning module TargetPlatform (23)
[2016.09.07-02.05.38:711][352]LogModuleManager: Shutting down and abandoning module InputCore (22)
[2016.09.07-02.05.38:711][352]LogModuleManager: Shutting down and abandoning module Settings (21)
[2016.09.07-02.05.38:711][352]LogModuleManager: Shutting down and abandoning module OnlineSubsystem (19)
[2016.09.07-02.05.38:711][352]LogModuleManager: Shutting down and abandoning module HTTP (18)
[2016.09.07-02.05.41:723][352]LogModuleManager: Shutting down and abandoning module XMPP (17)
[2016.09.07-02.05.41:723][352]LogModuleManager: Shutting down and abandoning module OculusRift (16)
[2016.09.07-02.05.41:723][352]LogModuleManager: Shutting down and abandoning module ExampleDeviceProfileSelector (15)
[2016.09.07-02.05.41:723][352]LogModuleManager: Shutting down and abandoning module TextureCompressor (14)
[2016.09.07-02.05.41:723][352]LogModuleManager: Shutting down and abandoning module ShaderCore (13)
[2016.09.07-02.05.41:723][352]LogModuleManager: Shutting down and abandoning module Landscape (12)
[2016.09.07-02.05.41:723][352]LogModuleManager: Shutting down and abandoning module SlateRHIRenderer (11)
[2016.09.07-02.05.41:729][352]LogModuleManager: Shutting down and abandoning module OpenGLDrv (10)
[2016.09.07-02.05.41:729][352]LogModuleManager: Shutting down and abandoning module D3D11RHI (9)
[2016.09.07-02.05.41:729][352]LogModuleManager: Shutting down and abandoning module AnimGraphRuntime (8)
[2016.09.07-02.05.41:729][352]LogModuleManager: Shutting down and abandoning module Renderer (7)
[2016.09.07-02.05.41:729][352]LogModuleManager: Shutting down and abandoning module Engine (6)
[2016.09.07-02.05.41:729][352]LogModuleManager: Shutting down and abandoning module CoreUObject (5)
[2016.09.07-02.05.41:729][352]LogModuleManager: Shutting down and abandoning module NetworkFile (4)
[2016.09.07-02.05.41:729][352]LogModuleManager: Shutting down and abandoning module StreamingFile (3)
[2016.09.07-02.05.41:729][352]LogModuleManager: Shutting down and abandoning module SandboxFile (2)
[2016.09.07-02.05.41:729][352]LogModuleManager: Shutting down and abandoning module PakFile (1)
[2016.09.07-02.05.41:733][352]LogExit: Exiting.
[2016.09.07-02.05.41:737][352]Log file closed, 09/06/16 22:05:41
