Log file open, 09/13/16 16:02:08
LogInit:Display: Running engine for game: SpaceSim
LogPlatformFile: Not using cached read wrapper
LogInit:Display: RandInit(112850506) SRandInit(112850507).
LogTaskGraph: Started task graph with 4 named threads and 5 total threads with 1 sets of task threads.
LogStats: Stats thread started at 0.072672
LogInit: Version: 4.12.5-3039270+++UE4+Release-4.12
LogInit: API Version: 2992821
LogInit: Net Version: 3039270
LogDevObjectVersion: Number of dev versions registered: 13
LogDevObjectVersion:   Dev-Blueprints (B0D832E4-1F89-4F0D-ACCF-7EB736FD4AA2): 3
LogDevObjectVersion:   Dev-Build (E1C64328-A22C-4D53-A36C-8E866417BD8C): 0
LogDevObjectVersion:   Dev-Core (375EC13C-06E4-48FB-B500-84F0262A717E): 1
LogDevObjectVersion:   Dev-Editor (E4B068ED-F494-42E9-A231-DA0B2E46BB41): 2
LogDevObjectVersion:   Dev-Framework (CFFC743F-43B0-4480-9391-14DF171D2073): 6
LogDevObjectVersion:   Dev-Mobile (B02B49B5-BB20-44E9-A304-32B752E40360): 0
LogDevObjectVersion:   Dev-Networking (A4E4105C-59A1-49B5-A7C5-40C4547EDFEE): 0
LogDevObjectVersion:   Dev-Online (39C831C9-5AE6-47DC-9A44-9C173E1C8E7C): 0
LogDevObjectVersion:   Dev-Physics (78F01B33-EBEA-4F98-B9B4-84EACCB95AA2): 0
LogDevObjectVersion:   Dev-Platform (6631380F-2D4D-43E0-8009-CF276956A95A): 0
LogDevObjectVersion:   Dev-Rendering (12F88B9F-8875-4AFC-A67C-D90C383ABD29): 2
LogDevObjectVersion:   Dev-Sequencer (7B5AE74C-D270-4C10-A958-57980B212A5A): 0
LogDevObjectVersion:   Dev-VR (D7296918-1DD6-4BDD-9DE2-64A83CC13884): 0
LogInit: Compiled (64-bit): Jul  6 2016 09:09:46
LogInit: Compiled with Visual C++: 19.00.23026.00
LogInit: Build Configuration: Development
LogInit: Branch Name: ++UE4+Release-4.12
LogInit: Command line:  
LogInit: Base directory: C:/Program Files (x86)/Epic Games/4.12/Engine/Binaries/Win64/
LogInit: Installed Engine Build: 1
LogInit: Using libcurl 7.41.0
LogInit:  - built for x86_64-pc-win32
LogInit:  - supports SSL with WinSSL
LogInit:  - other features:
LogInit:      CURL_VERSION_SSL
LogInit:      CURL_VERSION_IPV6
LogInit:      CURL_VERSION_ASYNCHDNS
LogInit:      CURL_VERSION_LARGEFILE
LogInit:      CURL_VERSION_IDN
LogInit:  CurlRequestOptions (configurable via config and command line):
LogInit:  - bVerifyPeer = true  - Libcurl will verify peer certificate
LogInit:  - bUseHttpProxy = false  - Libcurl will NOT use HTTP proxy
LogInit:  - bDontReuseConnections = false  - Libcurl will reuse connections
LogInit:  - CertBundlePath = nullptr  - Libcurl will use whatever was configured at build time.
LogInit: Presizing for max 8388607 objects, including 0 objects not considered by GC, pre-allocating 0 bytes for permanent pool.
LogInit: Object subsystem initialized
[2016.09.13-20.02.08:884][  0]LogInit: Selected Device Profile: [Windows]
[2016.09.13-20.02.08:884][  0]LogInit: Applying CVar settings loaded from the selected device profile: [Windows]
[2016.09.13-20.02.08:897][  0]LogInit: Computer: LAPTOP-KK9APANJ
[2016.09.13-20.02.08:897][  0]LogInit: User: Kuba
[2016.09.13-20.02.08:897][  0]LogInit: CPU Page size=65536, Cores=2
[2016.09.13-20.02.08:897][  0]LogInit: High frequency timer resolution =2.143476 MHz
[2016.09.13-20.02.08:898][  0]LogMemory: Memory total: Physical=7.9GB (8GB approx)
[2016.09.13-20.02.08:898][  0]LogMemory: Platform Memory Stats for Windows
[2016.09.13-20.02.08:898][  0]LogMemory: Process Physical Memory: 190.73 MB used, 190.73 MB peak
[2016.09.13-20.02.08:898][  0]LogMemory: Process Virtual Memory: 194.71 MB used, 194.71 MB peak
[2016.09.13-20.02.08:898][  0]LogMemory: Physical Memory: 3504.88 MB used, 8106.45 MB total
[2016.09.13-20.02.08:898][  0]LogMemory: Virtual Memory: 552.46 MB used, 134217728.00 MB total
[2016.09.13-20.02.08:953][  0]LogTextLocalizationManager: No specific translations for ('en-US') exist, so ('en') translations will be used.
[2016.09.13-20.02.09:597][  0]LogD3D11RHI: D3D11 adapters:
[2016.09.13-20.02.09:632][  0]LogD3D11RHI:    0. 'NVIDIA GeForce 940M            ' (Feature Level 11_0)
[2016.09.13-20.02.09:632][  0]LogD3D11RHI:       4037/0/4053 MB DedicatedVideo/DedicatedSystem/SharedSystem, Outputs:1, VendorId:0x10de
[2016.09.13-20.02.09:643][  0]LogD3D11RHI:    1. 'Intel(R) HD Graphics 5500' (Feature Level 11_0)
[2016.09.13-20.02.09:643][  0]LogD3D11RHI:       128/0/4053 MB DedicatedVideo/DedicatedSystem/SharedSystem, Outputs:0, VendorId:0x8086
[2016.09.13-20.02.09:645][  0]LogD3D11RHI:    2. 'Microsoft Basic Render Driver' (Feature Level 11_0)
[2016.09.13-20.02.09:646][  0]LogD3D11RHI:       0/0/4053 MB DedicatedVideo/DedicatedSystem/SharedSystem, Outputs:0, VendorId:0x1414
[2016.09.13-20.02.09:646][  0]LogD3D11RHI: Chosen D3D11 Adapter: 0
[2016.09.13-20.02.09:651][  0]LogD3D11RHI: Creating new Direct3DDevice
[2016.09.13-20.02.09:651][  0]LogD3D11RHI:     GPU DeviceId: 0x1347 (for the marketing name, search the web for "GPU Device Id")
[2016.09.13-20.02.09:651][  0]LogWindows: EnumDisplayDevices:
[2016.09.13-20.02.09:651][  0]LogWindows:    0. 'Intel(R) HD Graphics 5500' (P:1 D:1)
[2016.09.13-20.02.09:652][  0]LogWindows:    1. 'Intel(R) HD Graphics 5500' (P:0 D:0)
[2016.09.13-20.02.09:652][  0]LogWindows:    2. 'Intel(R) HD Graphics 5500' (P:0 D:0)
[2016.09.13-20.02.09:652][  0]LogWindows: DebugString: PrimaryIsNotTheChoosenAdapter PrimaryIsNotTheChoosenAdapter PrimaryIsNotTheChoosenAdapter FoundDriverCount:0 
[2016.09.13-20.02.09:652][  0]LogD3D11RHI:     Adapter Name: NVIDIA GeForce 940M            
[2016.09.13-20.02.09:652][  0]LogD3D11RHI:   Driver Version: Unknown (internal:Unknown, unified:Unknown)
[2016.09.13-20.02.09:652][  0]LogD3D11RHI:      Driver Date: Unknown
[2016.09.13-20.02.09:652][  0]LogRHI: Texture pool is 1361 MB (70% of 1945 MB)
[2016.09.13-20.02.09:681][  0]LogD3D11RHI: Async texture creation enabled
[2016.09.13-20.02.09:699][  0]LogD3D11RHI: GPU Timing Frequency: 1000.000000 (Debug: 2 2)
[2016.09.13-20.02.09:699][  0]LogShaderCompilers: Guid format shader working directory is -32 characters bigger than the processId version (../../../../../../Users/Kuba/Desktop/Schoolwork/Unreal Work/SpaceSim/SpaceSim/Intermediate/Shaders/WorkingDirectory/6684/).
[2016.09.13-20.02.09:699][  0]LogShaderCompilers: Cleaned the shader compiler working directory 'C:/Users/Kuba/AppData/Local/Temp/UnrealShaderWorkingDir/2AC9409E4AF52682C53949B9D79B700F/'.
[2016.09.13-20.02.09:699][  0]LogShaderCompilers:Display: Using Local Shader Compiler.
[2016.09.13-20.02.11:125][  0]LogTemp:Display: Loaded TP AllDesktopTargetPlatform
[2016.09.13-20.02.11:137][  0]LogTemp:Display: Loaded TP WindowsClientTargetPlatform
[2016.09.13-20.02.11:151][  0]LogTemp:Display: Loaded TP WindowsNoEditorTargetPlatform
[2016.09.13-20.02.11:166][  0]LogTemp:Display: Loaded TP WindowsServerTargetPlatform
[2016.09.13-20.02.11:179][  0]LogTemp:Display: Loaded TP WindowsTargetPlatform
[2016.09.13-20.02.11:191][  0]LogTemp:Display: Loaded TP AndroidTargetPlatform
[2016.09.13-20.02.11:201][  0]LogTemp:Display: Loaded TP Android_ASTCTargetPlatform
[2016.09.13-20.02.11:213][  0]LogTemp:Display: Loaded TP Android_ATCTargetPlatform
[2016.09.13-20.02.11:223][  0]LogTemp:Display: Loaded TP Android_DXTTargetPlatform
[2016.09.13-20.02.11:234][  0]LogTemp:Display: Loaded TP Android_ETC1TargetPlatform
[2016.09.13-20.02.11:245][  0]LogTemp:Display: Loaded TP Android_ETC2TargetPlatform
[2016.09.13-20.02.11:267][  0]LogTemp:Display: Loaded TP Android_MultiTargetPlatform
[2016.09.13-20.02.11:267][  0]LogTemp:Display: Loaded TP Android_PVRTCTargetPlatform
[2016.09.13-20.02.11:269][  0]LogTemp:Display: Loaded TP HTML5TargetPlatform
[2016.09.13-20.02.11:304][  0]LogTemp:Display: Loaded TP IOSTargetPlatform
[2016.09.13-20.02.11:316][  0]LogTemp:Display: Loaded TP TVOSTargetPlatform
[2016.09.13-20.02.11:328][  0]LogTemp:Display: Loaded TP LinuxNoEditorTargetPlatform
[2016.09.13-20.02.11:338][  0]LogTemp:Display: Loaded TP LinuxServerTargetPlatform
[2016.09.13-20.02.11:351][  0]LogTemp:Display: Loaded TP LinuxTargetPlatform
[2016.09.13-20.02.11:351][  0]LogTargetPlatformManager:Display: Building Assets For Windows
[2016.09.13-20.02.11:497][  0]LogDerivedDataCache:Display: Max Cache Size: 512 MB
[2016.09.13-20.02.11:584][  0]LogDerivedDataCache: Loaded boot cache 0.09s 48MB C:/Users/Kuba/AppData/Local/UnrealEngine/4.12/DerivedDataCache/Boot.ddc.
[2016.09.13-20.02.11:585][  0]LogDerivedDataCache:Display: Loaded Boot cache: C:/Users/Kuba/AppData/Local/UnrealEngine/4.12/DerivedDataCache/Boot.ddc
[2016.09.13-20.02.11:585][  0]LogDerivedDataCache: FDerivedDataBackendGraph:  Pak pak cache file ../../../../../../Users/Kuba/Desktop/Schoolwork/Unreal Work/SpaceSim/SpaceSim/DerivedDataCache/DDC.ddp not found, will not use a pak cache.
[2016.09.13-20.02.11:585][  0]LogDerivedDataCache: Unable to find inner node Pak for hierarchical cache Hierarchy.
[2016.09.13-20.02.11:585][  0]LogDerivedDataCache: FDerivedDataBackendGraph:  CompressedPak pak cache file ../../../../../../Users/Kuba/Desktop/Schoolwork/Unreal Work/SpaceSim/SpaceSim/DerivedDataCache/Compressed.ddp not found, will not use a pak cache.
[2016.09.13-20.02.11:585][  0]LogDerivedDataCache: Unable to find inner node CompressedPak for hierarchical cache Hierarchy.
[2016.09.13-20.02.11:610][  0]LogDerivedDataCache:Display: Pak cache opened for reading ../../../Engine/DerivedDataCache/Compressed.ddp.
[2016.09.13-20.02.11:623][  0]LogDerivedDataCache: Using Local data cache path C:/Users/Kuba/AppData/Local/UnrealEngine/Common/DerivedDataCache: Writable
[2016.09.13-20.02.11:896][  0]LogInit: Selected Device Profile: [Windows]
[2016.09.13-20.02.11:898][  0]LogContentStreaming: Texture pool size is 0.00 MB
[2016.09.13-20.02.12:149][  0]LogMeshUtilities: No automatic mesh reduction module available
[2016.09.13-20.02.12:149][  0]LogMeshUtilities: No automatic mesh merging module available
[2016.09.13-20.02.12:149][  0]LogMeshUtilities: No distributed automatic mesh merging module available
[2016.09.13-20.02.12:542][  0]LogAssetRegistry: FAssetRegistry took 0.0220 seconds to start up
[2016.09.13-20.02.12:596][  0]LogPackageLocalizationCache: Processed 3 localized package path(s) for 2 prioritized culture(s) in 0.049186 seconds
[2016.09.13-20.02.12:610][  0]LogUObjectArray: 28739 objects as part of root set at end of initial load.
[2016.09.13-20.02.12:610][  0]LogUObjectAllocator: 5855624 out of 0 bytes used by permanent object pool.
[2016.09.13-20.02.12:610][  0]LogUObjectArray: CloseDisregardForGC: 0/0 objects in disregard for GC pool
[2016.09.13-20.02.12:624][  0]LogInit: WinSock: version 1.1 (2.2), MaxSocks=32767, MaxUdp=65467
[2016.09.13-20.02.12:919][  0]LogSlate: SlateFontCache - WITH_FREETYPE: 1, WITH_HARFBUZZ: 1
[2016.09.13-20.02.12:919][  0]LogSlate: SlateFontCache - WITH_FREETYPE: 1, WITH_HARFBUZZ: 1
[2016.09.13-20.02.13:980][  0]LogUdpMessaging: Initializing bridge on interface 0.0.0.0:0 to multicast group 230.0.0.1:6666.
[2016.09.13-20.02.14:320][  0]SourceControl: Info Source control is disabled
[2016.09.13-20.02.14:392][  0]SourceControl: Info Source control is disabled
[2016.09.13-20.02.14:411][  0]SourceControl: Info Source control is disabled
[2016.09.13-20.02.14:427][  0]SourceControl: Info Source control is disabled
[2016.09.13-20.02.14:790][  0]LogEngine: Initializing Engine...
[2016.09.13-20.02.14:792][  0]LogHMD: SteamVR failed to initialize.  Err: 110
[2016.09.13-20.02.14:793][  0]LogHMD: SteamVR failed to initialize.  Err: 110
[2016.09.13-20.02.15:023][  0]LogAIModule: Creating AISystem for world NewWorld
[2016.09.13-20.02.15:029][  0]LogInit: XAudio2 using 'Speakers (Realtek High Definition Audio)' : 2 channels at 48 kHz using 32 bits per sample (channel mask 0x3)
[2016.09.13-20.02.15:066][  0]LogInit: FAudioDevice initialized.
[2016.09.13-20.02.15:118][  0]LogDerivedDataCache: Saved boot cache 0.05s 48MB C:/Users/Kuba/AppData/Local/UnrealEngine/4.12/DerivedDataCache/Boot.ddc.
[2016.09.13-20.02.15:133][  0]LogInit: Texture streaming: Enabled
[2016.09.13-20.02.15:178][  0]LogInit: Transaction tracking system initialized
[2016.09.13-20.02.15:216][  0]BlueprintLog: New page: Editor Load
[2016.09.13-20.02.15:353][  0]LocalizationService: Info Localization service is disabled
[2016.09.13-20.02.15:460][  0]LogConsoleResponse:Display: 
[2016.09.13-20.02.15:652][  0]LogCook:Display: Max memory allowance for cook 8192mb
[2016.09.13-20.02.15:652][  0]LogCook:Display: Mobile HDR setting 1
[2016.09.13-20.02.15:883][  0]LogFileCache: Scanning file cache for directory 'C:/Users/Kuba/Desktop/Schoolwork/Unreal Work/SpaceSim/SpaceSim/Content/' took 0.01s
[2016.09.13-20.02.15:883][  0]SourceControl: Info Source control is disabled
[2016.09.13-20.02.15:883][  0]Cmd: MAP LOAD FILE="../../../Engine/Content/Maps/Templates/Template_Default.umap" TEMPLATE=1 SHOWPROGRESS=1 FEATURELEVEL=3
[2016.09.13-20.02.15:884][  0]LightingResults: New page: Lighting Build
[2016.09.13-20.02.15:891][  0]MapCheck: New page: Map Check
[2016.09.13-20.02.15:891][  0]LightingResults: New page: Lighting Build
[2016.09.13-20.02.16:221][  0]LogTexture:Display: Building textures: HQ_Lightmap0_2 (AutoDXT)
[2016.09.13-20.02.16:223][  0]LogTexture:Display: Building textures: HQ_Lightmap1_1 (AutoDXT)
[2016.09.13-20.02.16:230][  0]LogTexture:Display: Building textures: LQ_Lightmap_0_2 (DXT1)
[2016.09.13-20.02.16:232][  0]LogTexture:Display: Building textures: LQ_Lightmap_1_1 (DXT1)
[2016.09.13-20.02.16:240][  0]LogAIModule: Creating AISystem for world Untitled_1
[2016.09.13-20.02.16:251][  0]LogEditorServer: Finished looking for orphan Actors (0.000 secs)
[2016.09.13-20.02.16:257][  0]Cmd: MAP CHECKDEP NOCLEARLOG
[2016.09.13-20.02.16:332][  0]MapCheck: Info Map check complete: 0 Error(s), 0 Warning(s), took 74.227ms to complete.
[2016.09.13-20.02.16:332][  0]LogFileHelpers: Loading map 'Template_Default' took 0.448
[2016.09.13-20.02.16:490][  0]LogCollectionManager: Loaded 0 collections in 0.004107 seconds
[2016.09.13-20.02.16:533][  0]LogFileCache: Scanning file cache for directory 'C:/Users/Kuba/Desktop/Schoolwork/Unreal Work/SpaceSim/SpaceSim/Saved/Collections/' took 0.01s
[2016.09.13-20.02.16:533][  0]LogFileCache: Scanning file cache for directory 'C:/Users/Kuba/Desktop/Schoolwork/Unreal Work/SpaceSim/SpaceSim/Content/Developers/Kuba/Collections/' took 0.01s
[2016.09.13-20.02.16:533][  0]LogFileCache: Scanning file cache for directory 'C:/Users/Kuba/Desktop/Schoolwork/Unreal Work/SpaceSim/SpaceSim/Content/Collections/' took 0.01s
[2016.09.13-20.02.16:533][  0]LogCollectionManager: Rebuilt the GUID cache for 0 collections in 0.000003 seconds
[2016.09.13-20.02.16:544][  0]LogContentBrowser: Native class hierarchy populated in 0.0114 seconds. Added 2047 classes and 369 folders.
[2016.09.13-20.02.16:549][  0]LogStats: UGameplayTagsManager::ConstructGameplayTagTree: Construct from data asset -  0.000 s
[2016.09.13-20.02.16:549][  0]LogStats: UGameplayTagsManager::ConstructGameplayTagTree: GameplayTagTreeChangedEvent.Broadcast -  0.000 s
[2016.09.13-20.02.16:550][  0]LogContentBrowser: Native class hierarchy updated for 'GameplayTags' in 0.0005 seconds. Added 12 classes and 0 folders.
[2016.09.13-20.02.16:558][  0]LogContentBrowser: Native class hierarchy updated for 'WidgetCarousel' in 0.0005 seconds. Added 0 classes and 0 folders.
[2016.09.13-20.02.16:642][  0]LogContentBrowser: Native class hierarchy updated for 'AddContentDialog' in 0.0007 seconds. Added 0 classes and 0 folders.
[2016.09.13-20.02.16:647][  0]LogContentBrowser: Native class hierarchy updated for 'SceneOutliner' in 0.0005 seconds. Added 1 classes and 2 folders.
[2016.09.13-20.02.16:665][  0]LogCrashTracker: Crashtracker disabled due to settings.
[2016.09.13-20.02.16:674][  0]LogUObjectGlobals:Warning: Failed to find object 'Class None.'
[2016.09.13-20.02.16:705][  0]LogContentBrowser: Native class hierarchy updated for 'HierarchicalLODOutliner' in 0.0013 seconds. Added 1 classes and 2 folders.
[2016.09.13-20.02.16:706][  0]LogLoad: Full Startup: 8.82 seconds (BP compile: 0.05 seconds)
[2016.09.13-20.02.16:706][  0]LogExternalProfiler: No external profilers were discovered.  External profiling features will not be available.
[2016.09.13-20.02.17:048][  0]LogOcInput: OculusInput pre-init called
[2016.09.13-20.02.17:088][  0]LogContentStreaming: Texture pool size now 1000 MB
[2016.09.13-20.02.17:296][  0]LogRenderer: Reallocating scene render targets to support 1208x568 (Frame:2).
[2016.09.13-20.02.17:727][  2]LogAssetRegistry: Asset discovery search completed in 5.2069 seconds
[2016.09.13-20.02.17:727][  2]LogCollectionManager: Rebuilt the object cache for 0 collections in 0.000000 seconds (found 0 objects)
[2016.09.13-20.02.17:727][  2]LogCollectionManager: Fixed up redirectors for 0 collections in 0.000042 seconds (updated 0 objects)
[2016.09.13-20.02.26:051][351]Cmd: MAP LOAD FILE="../../../../../../Users/Kuba/Desktop/Schoolwork/Unreal Work/SpaceSim/SpaceSim/Content/Maps/SphereRotator.umap" TEMPLATE=0 SHOWPROGRESS=1 FEATURELEVEL=3
[2016.09.13-20.02.26:088][351]LightingResults: New page: Lighting Build
[2016.09.13-20.02.26:089][351]LoadErrors: New page: Loading map: SphereRotator.umap
[2016.09.13-20.02.26:095][351]MapCheck: New page: Map Check
[2016.09.13-20.02.26:095][351]LightingResults: New page: Lighting Build
[2016.09.13-20.02.26:129][351]LogLinker:Warning: Can't find file '/Game/StarterContent/Textures/T_Brick_Clay_New_D'
[2016.09.13-20.02.26:129][351]LogLinker:Warning: Can't find file for asset '/Game/StarterContent/Textures/T_Brick_Clay_New_D' while loading ../../../../../../Users/Kuba/Desktop/Schoolwork/Unreal Work/SpaceSim/SpaceSim/Content/Materials/M_Brick_Clay_New.uasset.
[2016.09.13-20.02.26:129][351]LoadErrors:Error: Error /Game/Materials/M_Brick_Clay_New : Can't find file for asset. /Game/StarterContent/Textures/T_Brick_Clay_New_D
[2016.09.13-20.02.26:129][351]LogLinker:Warning: Can't find file '/Game/StarterContent/Textures/T_Brick_Clay_New_M'
[2016.09.13-20.02.26:129][351]LogLinker:Warning: Can't find file for asset '/Game/StarterContent/Textures/T_Brick_Clay_New_M' while loading ../../../../../../Users/Kuba/Desktop/Schoolwork/Unreal Work/SpaceSim/SpaceSim/Content/Materials/M_Brick_Clay_New.uasset.
[2016.09.13-20.02.26:130][351]LoadErrors:Error: Error /Game/Materials/M_Brick_Clay_New : Can't find file for asset. /Game/StarterContent/Textures/T_Brick_Clay_New_M
[2016.09.13-20.02.26:130][351]LogLinker:Warning: Can't find file '/Game/StarterContent/Textures/T_Brick_Clay_New_N'
[2016.09.13-20.02.26:130][351]LogLinker:Warning: Can't find file for asset '/Game/StarterContent/Textures/T_Brick_Clay_New_N' while loading ../../../../../../Users/Kuba/Desktop/Schoolwork/Unreal Work/SpaceSim/SpaceSim/Content/Materials/M_Brick_Clay_New.uasset.
[2016.09.13-20.02.26:130][351]LoadErrors:Error: Error /Game/Materials/M_Brick_Clay_New : Can't find file for asset. /Game/StarterContent/Textures/T_Brick_Clay_New_N
[2016.09.13-20.02.26:130][351]LogLinker:Warning: Can't find file '/Game/StarterContent/Textures/T_Detail_Rocky_N'
[2016.09.13-20.02.26:131][351]LogLinker:Warning: Can't find file for asset '/Game/StarterContent/Textures/T_Detail_Rocky_N' while loading ../../../../../../Users/Kuba/Desktop/Schoolwork/Unreal Work/SpaceSim/SpaceSim/Content/Materials/M_Brick_Clay_New.uasset.
[2016.09.13-20.02.26:131][351]LoadErrors:Error: Error /Game/Materials/M_Brick_Clay_New : Can't find file for asset. /Game/StarterContent/Textures/T_Detail_Rocky_N
[2016.09.13-20.02.26:131][351]LogLinker:Warning: Can't find file '/Game/StarterContent/Textures/T_MacroVariation'
[2016.09.13-20.02.26:131][351]LogLinker:Warning: Can't find file for asset '/Game/StarterContent/Textures/T_MacroVariation' while loading ../../../../../../Users/Kuba/Desktop/Schoolwork/Unreal Work/SpaceSim/SpaceSim/Content/Materials/M_Brick_Clay_New.uasset.
[2016.09.13-20.02.26:131][351]LoadErrors:Error: Error /Game/Materials/M_Brick_Clay_New : Can't find file for asset. /Game/StarterContent/Textures/T_MacroVariation
[2016.09.13-20.02.26:131][351]LogLinker:Warning: Can't find file '/Game/StarterContent/Textures/T_Brick_Clay_New_D'
[2016.09.13-20.02.26:131][351]LogLinker:Warning: Can't find file for asset '/Game/StarterContent/Textures/T_Brick_Clay_New_D' while loading ../../../../../../Users/Kuba/Desktop/Schoolwork/Unreal Work/SpaceSim/SpaceSim/Content/Materials/M_Brick_Clay_New.uasset.
[2016.09.13-20.02.26:132][351]LogLinker:Warning: Can't find file '/Game/StarterContent/Textures/T_Brick_Clay_New_M'
[2016.09.13-20.02.26:132][351]LogLinker:Warning: Can't find file for asset '/Game/StarterContent/Textures/T_Brick_Clay_New_M' while loading ../../../../../../Users/Kuba/Desktop/Schoolwork/Unreal Work/SpaceSim/SpaceSim/Content/Materials/M_Brick_Clay_New.uasset.
[2016.09.13-20.02.26:132][351]LogLinker:Warning: Can't find file '/Game/StarterContent/Textures/T_Brick_Clay_New_N'
[2016.09.13-20.02.26:132][351]LogLinker:Warning: Can't find file for asset '/Game/StarterContent/Textures/T_Brick_Clay_New_N' while loading ../../../../../../Users/Kuba/Desktop/Schoolwork/Unreal Work/SpaceSim/SpaceSim/Content/Materials/M_Brick_Clay_New.uasset.
[2016.09.13-20.02.26:132][351]LogLinker:Warning: Can't find file '/Game/StarterContent/Textures/T_Detail_Rocky_N'
[2016.09.13-20.02.26:132][351]LogLinker:Warning: Can't find file for asset '/Game/StarterContent/Textures/T_Detail_Rocky_N' while loading ../../../../../../Users/Kuba/Desktop/Schoolwork/Unreal Work/SpaceSim/SpaceSim/Content/Materials/M_Brick_Clay_New.uasset.
[2016.09.13-20.02.26:133][351]LogLinker:Warning: Can't find file '/Game/StarterContent/Textures/T_MacroVariation'
[2016.09.13-20.02.26:133][351]LogLinker:Warning: Can't find file for asset '/Game/StarterContent/Textures/T_MacroVariation' while loading ../../../../../../Users/Kuba/Desktop/Schoolwork/Unreal Work/SpaceSim/SpaceSim/Content/Materials/M_Brick_Clay_New.uasset.
[2016.09.13-20.02.26:189][351]LogLinker:Warning: Can't find file '/Game/StarterContent/Textures/T_Brick_Clay_New_M'
[2016.09.13-20.02.26:190][351]LoadErrors: Info Failed to load /Game/StarterContent/Textures/T_Brick_Clay_New_M.T_Brick_Clay_New_M Referenced by MaterialExpressionTextureSample_2
[2016.09.13-20.02.26:190][351]LogLinker:Warning: Can't find file for asset '/Game/StarterContent/Textures/T_Brick_Clay_New_M' while loading NULL.
[2016.09.13-20.02.26:190][351]LogLinker:Warning: Can't find file '/Game/StarterContent/Textures/T_MacroVariation'
[2016.09.13-20.02.26:190][351]LoadErrors: Info Failed to load /Game/StarterContent/Textures/T_MacroVariation.T_MacroVariation Referenced by MaterialExpressionTextureSample_27
[2016.09.13-20.02.26:190][351]LogLinker:Warning: Can't find file for asset '/Game/StarterContent/Textures/T_MacroVariation' while loading NULL.
[2016.09.13-20.02.26:190][351]LogLinker:Warning: Can't find file '/Game/StarterContent/Textures/T_MacroVariation'
[2016.09.13-20.02.26:190][351]LoadErrors: Info Failed to load /Game/StarterContent/Textures/T_MacroVariation.T_MacroVariation Referenced by MaterialExpressionTextureSample_28
[2016.09.13-20.02.26:191][351]LogLinker:Warning: Can't find file for asset '/Game/StarterContent/Textures/T_MacroVariation' while loading NULL.
[2016.09.13-20.02.26:191][351]LogLinker:Warning: Can't find file '/Game/StarterContent/Textures/T_MacroVariation'
[2016.09.13-20.02.26:191][351]LoadErrors: Info Failed to load /Game/StarterContent/Textures/T_MacroVariation.T_MacroVariation Referenced by MaterialExpressionTextureSample_29
[2016.09.13-20.02.26:191][351]LogLinker:Warning: Can't find file for asset '/Game/StarterContent/Textures/T_MacroVariation' while loading NULL.
[2016.09.13-20.02.26:191][351]LogLinker:Warning: Can't find file '/Game/StarterContent/Textures/T_Brick_Clay_New_N'
[2016.09.13-20.02.26:191][351]LoadErrors: Info Failed to load /Game/StarterContent/Textures/T_Brick_Clay_New_N.T_Brick_Clay_New_N Referenced by MaterialExpressionTextureSample_31
[2016.09.13-20.02.26:191][351]LogLinker:Warning: Can't find file for asset '/Game/StarterContent/Textures/T_Brick_Clay_New_N' while loading NULL.
[2016.09.13-20.02.26:192][351]LogLinker:Warning: Can't find file '/Game/StarterContent/Textures/T_Detail_Rocky_N'
[2016.09.13-20.02.26:192][351]LoadErrors: Info Failed to load /Game/StarterContent/Textures/T_Detail_Rocky_N.T_Detail_Rocky_N Referenced by MaterialExpressionTextureSample_32
[2016.09.13-20.02.26:192][351]LogLinker:Warning: Can't find file for asset '/Game/StarterContent/Textures/T_Detail_Rocky_N' while loading NULL.
[2016.09.13-20.02.26:192][351]LogLinker:Warning: Can't find file '/Game/StarterContent/Textures/T_Brick_Clay_New_D'
[2016.09.13-20.02.26:192][351]LoadErrors: Info Failed to load /Game/StarterContent/Textures/T_Brick_Clay_New_D.T_Brick_Clay_New_D Referenced by MaterialExpressionTextureSample_4
[2016.09.13-20.02.26:192][351]LogLinker:Warning: Can't find file for asset '/Game/StarterContent/Textures/T_Brick_Clay_New_D' while loading NULL.
[2016.09.13-20.02.26:193][351]LogLinker:Warning: Can't find file '/Game/StarterContent/Textures/T_Brick_Clay_New_D'
[2016.09.13-20.02.26:193][351]LoadErrors: Info Failed to load /Game/StarterContent/Textures/T_Brick_Clay_New_D.T_Brick_Clay_New_D Referenced by MaterialExpressionTextureSample_5
[2016.09.13-20.02.26:193][351]LogLinker:Warning: Can't find file for asset '/Game/StarterContent/Textures/T_Brick_Clay_New_D' while loading NULL.
[2016.09.13-20.02.26:198][351]LogMaterial: Missing cached shader map for material M_Brick_Clay_New, compiling. 
[2016.09.13-20.02.26:198][351]LogMaterial:Warning: Failed to compile Material /Game/Materials/M_Brick_Clay_New.M_Brick_Clay_New for platform PCD3D_SM5, Default Material will be used in game.
[2016.09.13-20.02.26:198][351]LogMaterial:Warning: 	(Node TextureSample) TextureSample> Missing input texture
[2016.09.13-20.02.26:215][351]LogAIModule: Creating AISystem for world SphereRotator
[2016.09.13-20.02.26:230][351]LogEditorServer: Finished looking for orphan Actors (0.000 secs)
[2016.09.13-20.02.26:277][351]Cmd: MAP CHECKDEP NOCLEARLOG
[2016.09.13-20.02.26:362][351]MapCheck: Info Map check complete: 0 Error(s), 0 Warning(s), took 84.199ms to complete.
[2016.09.13-20.02.26:362][351]LogFileHelpers: Loading map 'SphereRotator' took 0.312
[2016.09.13-20.02.32:037][517]LogPlayLevel: PlayLevel: No blueprints needed recompiling
[2016.09.13-20.02.32:037][517]PIE: New page: PIE session: SphereRotator (Sep 13, 2016, 11:02:32 AM)
[2016.09.13-20.02.32:037][517]LogPlayLevel: Creating play world package: /Game/Maps/UEDPIE_0_SphereRotator
[2016.09.13-20.02.32:041][517]LogPlayLevel: PIE: StaticDuplicateObject took: (0.003632s)
[2016.09.13-20.02.32:042][517]LogAIModule: Creating AISystem for world SphereRotator
[2016.09.13-20.02.32:042][517]LogPlayLevel: PIE: World Init took: (0.001165s)
[2016.09.13-20.02.32:043][517]LogPlayLevel: PIE: Created PIE world by copying editor world from /Game/Maps/SphereRotator.SphereRotator to /Game/Maps/UEDPIE_0_SphereRotator.SphereRotator (0.005151s)
[2016.09.13-20.02.32:073][517]LogInit: XAudio2 using 'Speakers (Realtek High Definition Audio)' : 2 channels at 48 kHz using 32 bits per sample (channel mask 0x3)
[2016.09.13-20.02.32:082][517]LogInit: FAudioDevice initialized.
[2016.09.13-20.02.32:153][517]LogWorld: Game class is 'GameMode'
[2016.09.13-20.02.32:156][517]LogWorld: Bringing World /Game/Maps/UEDPIE_0_SphereRotator.SphereRotator up for play (max tick rate 0) at 2016.09.13-16.02.32
[2016.09.13-20.02.32:156][517]LogWorld: Bringing up level for play took: 0.002727
[2016.09.13-20.02.32:162][517]LogContentBrowser: Native class hierarchy updated for 'MovieSceneCapture' in 0.0006 seconds. Added 11 classes and 0 folders.
[2016.09.13-20.02.32:163][517]PIE: Info Play in editor start time for /Game/Maps/UEDPIE_0_SphereRotator -0.543
[2016.09.13-20.04.27:263][966]LogContentBrowser: Native class hierarchy updated for 'BlueprintGraph' in 0.0009 seconds. Added 111 classes and 0 folders.
[2016.09.13-20.11.15:856][697]Cmd: SELECT NONE
[2016.09.13-20.11.17:774][754]Cmd: QUIT_EDITOR
[2016.09.13-20.11.18:046][754]LogWindowsTextInputMethodSystem:Display: IME system now deactivated.
[2016.09.13-20.11.18:113][754]LogExit: Preparing to exit.
[2016.09.13-20.11.19:351][754]LogExit: Editor shut down
[2016.09.13-20.11.19:351][754]LogExit: Transaction tracking system shut down
[2016.09.13-20.11.19:513][754]LogObj: Freed 0b from 0 cluster array pools.
[2016.09.13-20.11.19:513][754]LogExit: Object subsystem successfully closed.
[2016.09.13-20.11.19:531][754]LogD3D11RHI: Shutdown
[2016.09.13-20.11.19:532][754]LogD3D11RHI: CleanupD3DDevice
[2016.09.13-20.11.19:608][754]LogD3D11RHI: ~FD3D11DynamicRHI
[2016.09.13-20.11.19:639][754]LogModuleManager: Shutting down and abandoning module BlueprintGraph (215)
[2016.09.13-20.11.19:639][754]LogModuleManager: Shutting down and abandoning module MovieSceneCapture (214)
[2016.09.13-20.11.19:639][754]LogModuleManager: Shutting down and abandoning module HierarchicalLODOutliner (213)
[2016.09.13-20.11.19:639][754]LogModuleManager: Shutting down and abandoning module CrashTracker (212)
[2016.09.13-20.11.19:639][754]LogModuleManager: Shutting down and abandoning module SceneOutliner (211)
[2016.09.13-20.11.19:639][754]LogModuleManager: Shutting down and abandoning module WidgetCarousel (210)
[2016.09.13-20.11.19:639][754]LogModuleManager: Shutting down and abandoning module AddContentDialog (209)
[2016.09.13-20.11.19:642][754]LogModuleManager: Shutting down and abandoning module GameplayTags (208)
[2016.09.13-20.11.19:642][754]LogModuleManager: Shutting down and abandoning module EditorWidgets (207)
[2016.09.13-20.11.19:642][754]LogModuleManager: Shutting down and abandoning module CollectionManager (206)
[2016.09.13-20.11.19:644][754]LogModuleManager: Shutting down and abandoning module StatsViewer (205)
[2016.09.13-20.11.19:644][754]LogModuleManager: Shutting down and abandoning module FoliageEdit (204)
[2016.09.13-20.11.19:644][754]LogModuleManager: Shutting down and abandoning module LandscapeEditor (203)
[2016.09.13-20.11.19:644][754]LogModuleManager: Shutting down and abandoning module SceneDepthPickerMode (202)
[2016.09.13-20.11.19:644][754]LogModuleManager: Shutting down and abandoning module ActorPickerMode (201)
[2016.09.13-20.11.19:644][754]LogModuleManager: Shutting down and abandoning module GeometryMode (200)
[2016.09.13-20.11.19:644][754]LogModuleManager: Shutting down and abandoning module TextureAlignMode (199)
[2016.09.13-20.11.19:644][754]LogModuleManager: Shutting down and abandoning module BspMode (198)
[2016.09.13-20.11.19:644][754]LogModuleManager: Shutting down and abandoning module HardwareSurvey (197)
[2016.09.13-20.11.19:644][754]LogModuleManager: Shutting down and abandoning module SequenceRecorderSections (196)
[2016.09.13-20.11.19:644][754]LogModuleManager: Shutting down and abandoning module SequenceRecorder (195)
[2016.09.13-20.11.19:644][754]LogModuleManager: Shutting down and abandoning module AutomationWorker (194)
[2016.09.13-20.11.19:644][754]LogModuleManager: Shutting down and abandoning module MatineeToLevelSequence (193)
[2016.09.13-20.11.19:644][754]LogModuleManager: Shutting down and abandoning module PlacementMode (192)
[2016.09.13-20.11.19:644][754]LogModuleManager: Shutting down and abandoning module LevelSequenceEditor (191)
[2016.09.13-20.11.19:644][754]LogModuleManager: Shutting down and abandoning module CharacterAI (190)
[2016.09.13-20.11.19:644][754]LogModuleManager: Shutting down and abandoning module SmartSnapping (189)
[2016.09.13-20.11.19:644][754]LogModuleManager: Shutting down and abandoning module SessionServices (188)
[2016.09.13-20.11.19:644][754]LogModuleManager: Shutting down and abandoning module ViewportSnapping (187)
[2016.09.13-20.11.19:644][754]LogModuleManager: Shutting down and abandoning module LogVisualizer (186)
[2016.09.13-20.11.19:645][754]LogModuleManager: Shutting down and abandoning module GameProjectGeneration (185)
[2016.09.13-20.11.19:645][754]LogModuleManager: Shutting down and abandoning module IntroTutorials (184)
[2016.09.13-20.11.19:645][754]LogModuleManager: Shutting down and abandoning module EditorLiveStreaming (183)
[2016.09.13-20.11.19:645][754]LogModuleManager: Shutting down and abandoning module IOSPlatformEditor (182)
[2016.09.13-20.11.19:645][754]LogModuleManager: Shutting down and abandoning module HTML5PlatformEditor (181)
[2016.09.13-20.11.19:645][754]LogModuleManager: Shutting down and abandoning module AndroidDeviceDetection (180)
[2016.09.13-20.11.20:605][754]LogModuleManager: Shutting down and abandoning module AndroidPlatformEditor (179)
[2016.09.13-20.11.20:605][754]LogModuleManager: Shutting down and abandoning module IOSRuntimeSettings (178)
[2016.09.13-20.11.20:605][754]LogModuleManager: Shutting down and abandoning module AndroidRuntimeSettings (177)
[2016.09.13-20.11.20:605][754]LogModuleManager: Shutting down and abandoning module MergeActors (176)
[2016.09.13-20.11.20:605][754]LogModuleManager: Shutting down and abandoning module SizeMap (175)
[2016.09.13-20.11.20:605][754]LogModuleManager: Shutting down and abandoning module TreeMap (174)
[2016.09.13-20.11.20:605][754]LogModuleManager: Shutting down and abandoning module ReferenceViewer (173)
[2016.09.13-20.11.20:605][754]LogModuleManager: Shutting down and abandoning module LocalizationService (172)
[2016.09.13-20.11.20:605][754]LogModuleManager: Shutting down and abandoning module LocalizationDashboard (171)
[2016.09.13-20.11.20:605][754]LogModuleManager: Shutting down and abandoning module HardwareTargeting (170)
[2016.09.13-20.11.20:605][754]LogModuleManager: Shutting down and abandoning module DeviceProfileEditor (169)
[2016.09.13-20.11.20:605][754]LogModuleManager: Shutting down and abandoning module UndoHistory (168)
[2016.09.13-20.11.20:605][754]LogModuleManager: Shutting down and abandoning module UserFeedback (167)
[2016.09.13-20.11.20:606][754]LogModuleManager: Shutting down and abandoning module XmlParser (166)
[2016.09.13-20.11.20:606][754]LogModuleManager: Shutting down and abandoning module Blutility (165)
[2016.09.13-20.11.20:606][754]LogModuleManager: Shutting down and abandoning module ProjectTargetPlatformEditor (164)
[2016.09.13-20.11.20:606][754]LogModuleManager: Shutting down and abandoning module ProjectSettingsViewer (163)
[2016.09.13-20.11.20:606][754]LogModuleManager: Shutting down and abandoning module InputBindingEditor (162)
[2016.09.13-20.11.20:607][754]LogModuleManager: Shutting down and abandoning module EditorSettingsViewer (161)
[2016.09.13-20.11.20:607][754]LogModuleManager: Shutting down and abandoning module SettingsEditor (160)
[2016.09.13-20.11.20:607][754]LogModuleManager: Shutting down and abandoning module ProjectLauncher (159)
[2016.09.13-20.11.20:607][754]LogModuleManager: Shutting down and abandoning module SessionFrontend (158)
[2016.09.13-20.11.20:607][754]LogModuleManager: Shutting down and abandoning module ProfilerClient (157)
[2016.09.13-20.11.20:607][754]LogModuleManager: Shutting down and abandoning module TargetDeviceServices (156)
[2016.09.13-20.11.20:607][754]LogModuleManager: Shutting down and abandoning module DeviceManager (155)
[2016.09.13-20.11.20:650][754]LogModuleManager: Shutting down and abandoning module AutomationController (154)
[2016.09.13-20.11.20:650][754]LogModuleManager: Shutting down and abandoning module AutomationWindow (153)
[2016.09.13-20.11.20:650][754]LogModuleManager: Shutting down and abandoning module Layers (152)
[2016.09.13-20.11.20:650][754]LogModuleManager: Shutting down and abandoning module ComponentVisualizers (151)
[2016.09.13-20.11.20:650][754]LogModuleManager: Shutting down and abandoning module DetailCustomizations (150)
[2016.09.13-20.11.20:650][754]LogModuleManager: Shutting down and abandoning module PackagesDialog (149)
[2016.09.13-20.11.20:650][754]LogModuleManager: Shutting down and abandoning module Persona (148)
[2016.09.13-20.11.20:650][754]LogModuleManager: Shutting down and abandoning module Kismet (147)
[2016.09.13-20.11.20:650][754]LogModuleManager: Shutting down and abandoning module GraphEditor (146)
[2016.09.13-20.11.20:650][754]LogModuleManager: Shutting down and abandoning module ClassViewer (145)
[2016.09.13-20.11.20:650][754]LogModuleManager: Shutting down and abandoning module Toolbox (144)
[2016.09.13-20.11.20:650][754]LogModuleManager: Shutting down and abandoning module ModuleUI (143)
[2016.09.13-20.11.20:650][754]LogModuleManager: Shutting down and abandoning module MovieSceneTools (142)
[2016.09.13-20.11.20:650][754]LogModuleManager: Shutting down and abandoning module OutputLog (141)
[2016.09.13-20.11.20:650][754]LogModuleManager: Shutting down and abandoning module GammaUI (140)
[2016.09.13-20.11.20:651][754]LogModuleManager: Shutting down and abandoning module Documentation (139)
[2016.09.13-20.11.20:651][754]LogModuleManager: Shutting down and abandoning module StreamingPauseRendering (138)
[2016.09.13-20.11.20:651][754]LogModuleManager: Shutting down and abandoning module AnalyticsET (137)
[2016.09.13-20.11.20:651][754]LogModuleManager: Shutting down and abandoning module Analytics (136)
[2016.09.13-20.11.20:651][754]LogModuleManager: Shutting down and abandoning module PortalServices (135)
[2016.09.13-20.11.20:651][754]LogModuleManager: Shutting down and abandoning module PortalRpc (134)
[2016.09.13-20.11.20:651][754]LogModuleManager: Shutting down and abandoning module MessagingRpc (133)
[2016.09.13-20.11.20:651][754]LogModuleManager: Shutting down and abandoning module GameplayDebugger (132)
[2016.09.13-20.11.20:651][754]LogModuleManager: Shutting down and abandoning module AITestSuite (131)
[2016.09.13-20.11.20:651][754]LogModuleManager: Shutting down and abandoning module AIModule (130)
[2016.09.13-20.11.20:651][754]LogModuleManager: Shutting down and abandoning module ProfilerService (129)
[2016.09.13-20.11.20:870][754]LogModuleManager: Shutting down and abandoning module TaskGraph (128)
[2016.09.13-20.11.20:870][754]LogModuleManager: Shutting down and abandoning module SlateRemote (127)
[2016.09.13-20.11.20:870][754]LogModuleManager: Shutting down and abandoning module SteamVRController (126)
[2016.09.13-20.11.20:870][754]LogModuleManager: Shutting down and abandoning module SteamVR (125)
[2016.09.13-20.11.20:870][754]LogModuleManager: Shutting down and abandoning module ProceduralMeshComponent (124)
[2016.09.13-20.11.20:870][754]LogModuleManager: Shutting down and abandoning module OculusLibrary (123)
[2016.09.13-20.11.20:871][754]LogModuleManager: Shutting down and abandoning module OculusInput (122)
[2016.09.13-20.11.20:871][754]LogModuleManager: Shutting down and abandoning module CustomMeshComponent (121)
[2016.09.13-20.11.20:871][754]LogModuleManager: Shutting down and abandoning module CableComponent (120)
[2016.09.13-20.11.20:871][754]LogModuleManager: Shutting down and abandoning module ArchVisCharacter (119)
[2016.09.13-20.11.20:871][754]LogModuleManager: Shutting down and abandoning module MediaPlayerEditor (118)
[2016.09.13-20.11.20:871][754]LogModuleManager: Shutting down and abandoning module HTML5Networking (117)
[2016.09.13-20.11.20:871][754]LogModuleManager: Shutting down and abandoning module SuperSearch (116)
[2016.09.13-20.11.20:871][754]LogModuleManager: Shutting down and abandoning module SuperSearchEditor (115)
[2016.09.13-20.11.20:871][754]LogModuleManager: Shutting down and abandoning module SpeedTreeImporter (114)
[2016.09.13-20.11.20:871][754]LogModuleManager: Shutting down and abandoning module PluginBrowser (113)
[2016.09.13-20.11.20:871][754]LogModuleManager: Shutting down and abandoning module EpicSurvey (112)
[2016.09.13-20.11.20:871][754]LogModuleManager: Shutting down and abandoning module DesktopPlatform (111)
[2016.09.13-20.11.20:871][754]LogModuleManager: Shutting down and abandoning module VisualStudioSourceCodeAccess (110)
[2016.09.13-20.11.20:871][754]LogModuleManager: Shutting down and abandoning module UObjectPlugin (109)
[2016.09.13-20.11.20:871][754]LogModuleManager: Shutting down and abandoning module SubversionSourceControl (108)
[2016.09.13-20.11.20:872][754]LogModuleManager: Shutting down and abandoning module PerforceSourceControl (107)
[2016.09.13-20.11.20:872][754]LogModuleManager: Shutting down and abandoning module SourceControl (106)
[2016.09.13-20.11.20:872][754]LogModuleManager: Shutting down and abandoning module GitSourceControl (105)
[2016.09.13-20.11.20:872][754]LogModuleManager: Shutting down and abandoning module LightPropagationVolumeEditor (104)
[2016.09.13-20.11.20:872][754]LogModuleManager: Shutting down and abandoning module PaperTiledImporter (103)
[2016.09.13-20.11.20:872][754]LogModuleManager: Shutting down and abandoning module PaperSpriteSheetImporter (102)
[2016.09.13-20.11.20:872][754]LogModuleManager: Shutting down and abandoning module MeshPaint (101)
[2016.09.13-20.11.20:872][754]LogModuleManager: Shutting down and abandoning module PixelInspectorModule (100)
[2016.09.13-20.11.20:872][754]LogModuleManager: Shutting down and abandoning module HotReload (99)
[2016.09.13-20.11.20:873][754]LogModuleManager: Shutting down and abandoning module MainFrame (98)
[2016.09.13-20.11.20:873][754]LogModuleManager: Shutting down and abandoning module LevelEditor (97)
[2016.09.13-20.11.20:875][754]LogModuleManager: Shutting down and abandoning module ContentBrowser (96)
[2016.09.13-20.11.20:877][754]LogModuleManager: Shutting down and abandoning module Paper2DEditor (95)
[2016.09.13-20.11.20:877][754]LogModuleManager: Shutting down and abandoning module UdpMessaging (94)
[2016.09.13-20.11.20:978][754]LogModuleManager: Shutting down and abandoning module LightPropagationVolumeRuntime (93)
[2016.09.13-20.11.20:978][754]LogModuleManager: Shutting down and abandoning module Paper2D (92)
[2016.09.13-20.11.20:978][754]LogModuleManager: Shutting down and abandoning module WindowsMoviePlayer (91)
[2016.09.13-20.11.20:978][754]LogModuleManager: Shutting down and abandoning module Media (90)
[2016.09.13-20.11.20:978][754]LogModuleManager: Shutting down and abandoning module WmfMedia (89)
[2016.09.13-20.11.20:978][754]LogModuleManager: Shutting down and abandoning module MediaAssets (88)
[2016.09.13-20.11.20:978][754]LogModuleManager: Shutting down and abandoning module GameLiveStreaming (87)
[2016.09.13-20.11.20:978][754]LogModuleManager: Shutting down and abandoning module GameplayTagsEditor (86)
[2016.09.13-20.11.20:978][754]LogModuleManager: Shutting down and abandoning module OnlineBlueprintSupport (85)
[2016.09.13-20.11.20:978][754]LogModuleManager: Shutting down and abandoning module VREditor (84)
[2016.09.13-20.11.20:979][754]LogModuleManager: Shutting down and abandoning module GameplayTasksEditor (83)
[2016.09.13-20.11.20:979][754]LogModuleManager: Shutting down and abandoning module PropertyEditor (82)
[2016.09.13-20.11.20:979][754]LogModuleManager: Shutting down and abandoning module BehaviorTreeEditor (81)
[2016.09.13-20.11.20:979][754]LogModuleManager: Shutting down and abandoning module FunctionalTesting (80)
[2016.09.13-20.11.20:979][754]LogModuleManager: Shutting down and abandoning module CollisionAnalyzer (79)
[2016.09.13-20.11.20:979][754]LogModuleManager: Shutting down and abandoning module Sequencer (78)
[2016.09.13-20.11.20:979][754]LogModuleManager: Shutting down and abandoning module WorkspaceMenuStructure (77)
[2016.09.13-20.11.20:979][754]LogModuleManager: Shutting down and abandoning module MessageLog (76)
[2016.09.13-20.11.20:979][754]LogModuleManager: Shutting down and abandoning module AssetTools (75)
[2016.09.13-20.11.20:980][754]LogModuleManager: Shutting down and abandoning module UMGEditor (74)
[2016.09.13-20.11.20:980][754]LogModuleManager: Shutting down and abandoning module UMG (73)
[2016.09.13-20.11.20:980][754]LogModuleManager: Shutting down and abandoning module SlateReflector (72)
[2016.09.13-20.11.20:980][754]LogModuleManager: Shutting down and abandoning module Slate (71)
[2016.09.13-20.11.20:980][754]LogModuleManager: Shutting down and abandoning module EditorStyle (70)
[2016.09.13-20.11.20:994][754]LogModuleManager: Shutting down and abandoning module SourceCodeAccess (69)
[2016.09.13-20.11.20:994][754]LogModuleManager: Shutting down and abandoning module HeadMountedDisplay (68)
[2016.09.13-20.11.20:994][754]LogModuleManager: Shutting down and abandoning module XAudio2 (67)
[2016.09.13-20.11.20:994][754]LogModuleManager: Shutting down and abandoning module Networking (65)
[2016.09.13-20.11.20:994][754]LogModuleManager: Shutting down and abandoning module Core (64)
[2016.09.13-20.11.20:994][754]LogModuleManager: Shutting down and abandoning module DirectoryWatcher (63)
[2016.09.13-20.11.20:997][754]LogModuleManager: Shutting down and abandoning module AssetRegistry (62)
[2016.09.13-20.11.21:239][754]LogModuleManager: Shutting down and abandoning module KismetCompiler (61)
[2016.09.13-20.11.21:239][754]LogModuleManager: Shutting down and abandoning module PhysXFormats (60)
[2016.09.13-20.11.21:239][754]LogModuleManager: Shutting down and abandoning module MeshUtilities (59)
[2016.09.13-20.11.21:240][754]LogModuleManager: Shutting down and abandoning module DerivedDataCache (58)
[2016.09.13-20.11.21:249][754]LogDerivedDataCache: Shutdown
[2016.09.13-20.11.21:249][754]LogModuleManager: Shutting down and abandoning module VulkanShaderFormat (57)
[2016.09.13-20.11.21:249][754]LogModuleManager: Shutting down and abandoning module ShaderFormatOpenGL (56)
[2016.09.13-20.11.21:249][754]LogModuleManager: Shutting down and abandoning module ShaderFormatD3D (55)
[2016.09.13-20.11.21:249][754]LogModuleManager: Shutting down and abandoning module MetalShaderFormat (54)
[2016.09.13-20.11.21:249][754]LogModuleManager: Shutting down and abandoning module TextureFormatUncompressed (53)
[2016.09.13-20.11.21:249][754]LogModuleManager: Shutting down and abandoning module TextureFormatPVR (52)
[2016.09.13-20.11.21:249][754]LogModuleManager: Shutting down and abandoning module TextureFormatIntelISPCTexComp (51)
[2016.09.13-20.11.21:249][754]LogModuleManager: Shutting down and abandoning module TextureFormatDXT (50)
[2016.09.13-20.11.21:249][754]LogModuleManager: Shutting down and abandoning module ImageWrapper (49)
[2016.09.13-20.11.21:249][754]LogModuleManager: Shutting down and abandoning module TextureFormatASTC (48)
[2016.09.13-20.11.21:249][754]LogModuleManager: Shutting down and abandoning module TextureFormatAndroid (47)
[2016.09.13-20.11.21:249][754]LogModuleManager: Shutting down and abandoning module AudioFormatOpus (46)
[2016.09.13-20.11.21:249][754]LogModuleManager: Shutting down and abandoning module AudioFormatOgg (45)
[2016.09.13-20.11.21:249][754]LogModuleManager: Shutting down and abandoning module AudioFormatADPCM (44)
[2016.09.13-20.11.21:249][754]LogModuleManager: Shutting down and abandoning module LinuxTargetPlatform (43)
[2016.09.13-20.11.21:249][754]LogModuleManager: Shutting down and abandoning module LinuxServerTargetPlatform (42)
[2016.09.13-20.11.21:249][754]LogModuleManager: Shutting down and abandoning module LinuxNoEditorTargetPlatform (41)
[2016.09.13-20.11.21:249][754]LogModuleManager: Shutting down and abandoning module TVOSTargetPlatform (40)
[2016.09.13-20.11.21:249][754]LogModuleManager: Shutting down and abandoning module Messaging (39)
[2016.09.13-20.11.21:250][754]LogModuleManager: Shutting down and abandoning module IOSTargetPlatform (38)
[2016.09.13-20.11.21:250][754]LogModuleManager: Shutting down and abandoning module HTML5TargetPlatform (37)
[2016.09.13-20.11.21:250][754]LogModuleManager: Shutting down and abandoning module Android_PVRTCTargetPlatform (36)
[2016.09.13-20.11.21:250][754]LogModuleManager: Shutting down and abandoning module Android_MultiTargetPlatform (35)
[2016.09.13-20.11.21:250][754]LogModuleManager: Shutting down and abandoning module Android_ETC2TargetPlatform (34)
[2016.09.13-20.11.21:250][754]LogModuleManager: Shutting down and abandoning module Android_ETC1TargetPlatform (33)
[2016.09.13-20.11.21:250][754]LogModuleManager: Shutting down and abandoning module Android_DXTTargetPlatform (32)
[2016.09.13-20.11.21:250][754]LogModuleManager: Shutting down and abandoning module Android_ATCTargetPlatform (31)
[2016.09.13-20.11.21:250][754]LogModuleManager: Shutting down and abandoning module Android_ASTCTargetPlatform (30)
[2016.09.13-20.11.21:250][754]LogModuleManager: Shutting down and abandoning module AndroidTargetPlatform (29)
[2016.09.13-20.11.21:250][754]LogModuleManager: Shutting down and abandoning module WindowsTargetPlatform (28)
[2016.09.13-20.11.21:250][754]LogModuleManager: Shutting down and abandoning module WindowsServerTargetPlatform (27)
[2016.09.13-20.11.21:250][754]LogModuleManager: Shutting down and abandoning module WindowsNoEditorTargetPlatform (26)
[2016.09.13-20.11.21:250][754]LogModuleManager: Shutting down and abandoning module WindowsClientTargetPlatform (25)
[2016.09.13-20.11.21:250][754]LogModuleManager: Shutting down and abandoning module AllDesktopTargetPlatform (24)
[2016.09.13-20.11.21:250][754]LogModuleManager: Shutting down and abandoning module TargetPlatform (23)
[2016.09.13-20.11.21:250][754]LogModuleManager: Shutting down and abandoning module InputCore (22)
[2016.09.13-20.11.21:250][754]LogModuleManager: Shutting down and abandoning module Settings (21)
[2016.09.13-20.11.21:250][754]LogModuleManager: Shutting down and abandoning module OnlineSubsystem (19)
[2016.09.13-20.11.21:250][754]LogModuleManager: Shutting down and abandoning module HTTP (18)
[2016.09.13-20.11.25:781][754]LogModuleManager: Shutting down and abandoning module XMPP (17)
[2016.09.13-20.11.25:781][754]LogModuleManager: Shutting down and abandoning module OculusRift (16)
[2016.09.13-20.11.25:781][754]LogModuleManager: Shutting down and abandoning module ExampleDeviceProfileSelector (15)
[2016.09.13-20.11.25:781][754]LogModuleManager: Shutting down and abandoning module TextureCompressor (14)
[2016.09.13-20.11.25:781][754]LogModuleManager: Shutting down and abandoning module ShaderCore (13)
[2016.09.13-20.11.25:781][754]LogModuleManager: Shutting down and abandoning module Landscape (12)
[2016.09.13-20.11.25:781][754]LogModuleManager: Shutting down and abandoning module SlateRHIRenderer (11)
[2016.09.13-20.11.25:787][754]LogModuleManager: Shutting down and abandoning module OpenGLDrv (10)
[2016.09.13-20.11.25:787][754]LogModuleManager: Shutting down and abandoning module D3D11RHI (9)
[2016.09.13-20.11.25:787][754]LogModuleManager: Shutting down and abandoning module AnimGraphRuntime (8)
[2016.09.13-20.11.25:788][754]LogModuleManager: Shutting down and abandoning module Renderer (7)
[2016.09.13-20.11.25:788][754]LogModuleManager: Shutting down and abandoning module Engine (6)
[2016.09.13-20.11.25:788][754]LogModuleManager: Shutting down and abandoning module CoreUObject (5)
[2016.09.13-20.11.25:788][754]LogModuleManager: Shutting down and abandoning module NetworkFile (4)
[2016.09.13-20.11.25:788][754]LogModuleManager: Shutting down and abandoning module StreamingFile (3)
[2016.09.13-20.11.25:788][754]LogModuleManager: Shutting down and abandoning module SandboxFile (2)
[2016.09.13-20.11.25:788][754]LogModuleManager: Shutting down and abandoning module PakFile (1)
[2016.09.13-20.11.25:792][754]LogExit: Exiting.
[2016.09.13-20.11.25:830][754]Log file closed, 09/13/16 16:11:25
